0001_0026_0021_0068_0068.jpg 1 26 21 68 68
0002_0039_0015_0051_0051.jpg 1 39 15 51 51
0003_0059_0024_0033_0033.jpg 1 59 24 33 33
0004_0007_0015_0031_0031.jpg 1 7 15 31 31
0005_0032_0011_0056_0056.jpg 1 32 11 56 56
0006_0028_0017_0032_0032.jpg 1 28 17 32 32
0007_0024_0014_0059_0059.jpg 1 24 14 59 59
0008_0008_0012_0039_0039.jpg 1 8 12 39 39
0009_0027_0010_0060_0060.jpg 1 27 10 60 60
0010_0023_0008_0045_0045.jpg 1 23 8 45 45
0011_0052_0058_0031_0031.jpg 1 52 58 31 31
0012_0016_0015_0026_0026.jpg 1 16 15 26 26
0013_0023_0003_0067_0067.jpg 1 23 3 67 67
0014_0055_0053_0033_0033.jpg 1 55 53 33 33
0015_0034_0022_0034_0034.jpg 1 34 22 34 34
0016_0016_0018_0065_0065.jpg 1 16 18 65 65
0017_0024_0012_0067_0067.jpg 1 24 12 67 67
0018_0015_0006_0057_0057.jpg 1 15 6 57 57
0019_0039_0031_0050_0050.jpg 1 39 31 50 50
0020_0029_0007_0030_0030.jpg 1 29 7 30 30
0021_0032_0041_0031_0031.jpg 1 32 41 31 31
0022_0059_0051_0024_0024.jpg 1 59 51 24 24
0023_0033_0010_0059_0059.jpg 1 33 10 59 59
0024_0010_0033_0034_0034.jpg 1 10 33 34 34
0025_0025_0017_0050_0050.jpg 1 25 17 50 50
0026_0045_0017_0046_0046.jpg 1 45 17 46 46
0027_0031_0035_0042_0042.jpg 1 31 35 42 42
0028_0012_0015_0060_0060.jpg 1 12 15 60 60
0029_0052_0040_0025_0025.jpg 1 52 40 25 25
0030_0048_0029_0036_0036.jpg 1 48 29 36 36
0031_0014_0007_0058_0058.jpg 1 14 7 58 58
0032_0037_0034_0049_0049.jpg 1 37 34 49 49
0033_0004_0030_0058_0058.jpg 1 4 30 58 58
0034_0053_0007_0030_0030.jpg 1 53 7 30 30
0035_0006_0011_0058_0058.jpg 1 6 11 58 58
0036_0013_0064_0024_0024.jpg 1 13 64 24 24
0037_0024_0019_0037_0037.jpg 1 24 19 37 37
0038_0019_0027_0060_0060.jpg 1 19 27 60 60
0039_0021_0021_0065_0065.jpg 1 21 21 65 65
0040_0051_0040_0038_0038.jpg 1 51 40 38 38
0041_0014_0017_0056_0056.jpg 1 14 17 56 56
0042_0005_0022_0055_0055.jpg 1 5 22 55 55
0043_0024_0025_0069_0069.jpg 1 24 25 69 69
0044_0013_0011_0040_0040.jpg 1 13 11 40 40
0045_0058_0059_0031_0031.jpg 1 58 59 31 31
0046_0003_0025_0066_0066.jpg 1 3 25 66 66
0047_0022_0006_0042_0042.jpg 1 22 6 42 42
0048_0013_0045_0043_0043.jpg 1 13 45 43 43
0049_0052_0035_0039_0039.jpg 1 52 35 39 39
0050_0032_0006_0045_0045.jpg 1 32 6 45 45
0051_0029_0040_0050_0050.jpg 1 29 40 50 50
0052_0010_0056_0028_0028.jpg 1 10 56 28 28
0053_0007_0014_0068_0068.jpg 1 7 14 68 68
0054_0004_0020_0060_0060.jpg 1 4 20 60 60
0055_0011_0047_0031_0031.jpg 1 11 47 31 31
0056_0049_0045_0034_0034.jpg 1 49 45 34 34
0057_0018_0006_0058_0058.jpg 1 18 6 58 58
0058_0024_0023_0032_0032.jpg 1 24 23 32 32
0059_0031_0016_0061_0061.jpg 1 31 16 61 61
0060_0004_0013_0068_0068.jpg 1 4 13 68 68
0061_0050_0042_0036_0036.jpg 1 50 42 36 36
0062_0038_0041_0050_0050.jpg 1 38 41 50 50
0063_0013_0009_0069_0069.jpg 1 13 9 69 69
0064_0032_0054_0033_0033.jpg 1 32 54 33 33
0065_0020_0004_0066_0066.jpg 1 20 4 66 66
0066_0009_0016_0061_0061.jpg 1 9 16 61 61
0067_0044_0014_0040_0040.jpg 1 44 14 40 40
0068_0019_0029_0059_0059.jpg 1 19 29 59 59
0069_0024_0021_0049_0049.jpg 1 24 21 49 49
0070_0036_0028_0038_0038.jpg 1 36 28 38 38
0071_0032_0012_0025_0025.jpg 1 32 12 25 25
0072_0010_0017_0063_0063.jpg 1 10 17 63 63
0073_0044_0017_0034_0034.jpg 1 44 17 34 34
0074_0058_0033_0032_0032.jpg 1 58 33 32 32
0075_0027_0013_0063_0063.jpg 1 27 13 63 63
0076_0021_0022_0034_0034.jpg 1 21 22 34 34
0077_0020_0010_0048_0048.jpg 1 20 10 48 48
0078_0015_0029_0062_0062.jpg 1 15 29 62 62
0079_0046_0036_0027_0027.jpg 1 46 36 27 27
0080_0008_0006_0059_0059.jpg 1 8 6 59 59
0081_0051_0011_0024_0024.jpg 1 51 11 24 24
0082_0016_0047_0045_0045.jpg 1 16 47 45 45
0083_0023_0031_0064_0064.jpg 1 23 31 64 64
0084_0038_0046_0035_0035.jpg 1 38 46 35 35
0085_0045_0025_0041_0041.jpg 1 45 25 41 41
0086_0038_0035_0044_0044.jpg 1 38 35 44 44
0087_0010_0032_0052_0052.jpg 1 10 32 52 52
0088_0004_0009_0069_0069.jpg 1 4 9 69 69
0089_0022_0039_0036_0036.jpg 1 22 39 36 36
0090_0021_0031_0044_0044.jpg 1 21 31 44 44
0091_0026_0030_0062_0062.jpg 1 26 30 62 62
0092_0054_0059_0033_0033.jpg 1 54 59 33 33
0093_0006_0025_0058_0058.jpg 1 6 25 58 58
0094_0063_0064_0024_0024.jpg 1 63 64 24 24
0095_0030_0007_0054_0054.jpg 1 30 7 54 54
0096_0018_0020_0063_0063.jpg 1 18 20 63 63
0097_0027_0026_0051_0051.jpg 1 27 26 51 51
0098_0018_0028_0060_0060.jpg 1 18 28 60 60
0099_0042_0047_0033_0033.jpg 1 42 47 33 33
0100_0030_0038_0034_0034.jpg 1 30 38 34 34
0101_0036_0007_0054_0054.jpg 1 36 7 54 54
0102_0029_0024_0065_0065.jpg 1 29 24 65 65
0103_0025_0035_0059_0059.jpg 1 25 35 59 59
0104_0035_0016_0036_0036.jpg 1 35 16 36 36
0105_0008_0028_0057_0057.jpg 1 8 28 57 57
0106_0010_0015_0061_0061.jpg 1 10 15 61 61
0107_0035_0035_0030_0030.jpg 1 35 35 30 30
0108_0032_0015_0043_0043.jpg 1 32 15 43 43
0109_0030_0020_0061_0061.jpg 1 30 20 61 61
0110_0024_0024_0053_0053.jpg 1 24 24 53 53
0111_0024_0013_0031_0031.jpg 1 24 13 31 31
0112_0011_0044_0051_0051.jpg 1 11 44 51 51
0113_0040_0017_0041_0041.jpg 1 40 17 41 41
0114_0060_0055_0031_0031.jpg 1 60 55 31 31
0115_0007_0030_0054_0054.jpg 1 7 30 54 54
0116_0015_0055_0034_0034.jpg 1 15 55 34 34
0117_0009_0012_0061_0061.jpg 1 9 12 61 61
0118_0031_0039_0034_0034.jpg 1 31 39 34 34
0119_0017_0022_0063_0063.jpg 1 17 22 63 63
0120_0019_0039_0052_0052.jpg 1 19 39 52 52
0121_0042_0053_0038_0038.jpg 1 42 53 38 38
0122_0012_0016_0068_0068.jpg 1 12 16 68 68
0123_0058_0021_0027_0027.jpg 1 58 21 27 27
0124_0034_0024_0033_0033.jpg 1 34 24 33 33
0125_0020_0016_0024_0024.jpg 1 20 16 24 24
0126_0022_0011_0068_0068.jpg 1 22 11 68 68
0127_0040_0041_0029_0029.jpg 1 40 41 29 29
0128_0037_0015_0056_0056.jpg 1 37 15 56 56
0129_0058_0035_0030_0030.jpg 1 58 35 30 30
0130_0020_0026_0059_0059.jpg 1 20 26 59 59
0131_0057_0028_0036_0036.jpg 1 57 28 36 36
0132_0018_0006_0068_0068.jpg 1 18 6 68 68
0133_0039_0051_0030_0030.jpg 1 39 51 30 30
0134_0063_0027_0025_0025.jpg 1 63 27 25 25
0135_0030_0043_0031_0031.jpg 1 30 43 31 31
0136_0025_0005_0069_0069.jpg 1 25 5 69 69
0137_0033_0038_0054_0054.jpg 1 33 38 54 54
0138_0006_0028_0061_0061.jpg 1 6 28 61 61
0139_0012_0018_0067_0067.jpg 1 12 18 67 67
0140_0049_0054_0033_0033.jpg 1 49 54 33 33
0141_0006_0018_0058_0058.jpg 1 6 18 58 58
0142_0019_0036_0037_0037.jpg 1 19 36 37 37
0143_0037_0015_0048_0048.jpg 1 37 15 48 48
0144_0015_0027_0054_0054.jpg 1 15 27 54 54
0145_0037_0042_0042_0042.jpg 1 37 42 42 42
0146_0031_0030_0062_0062.jpg 1 31 30 62 62
0147_0016_0058_0025_0025.jpg 1 16 58 25 25
0148_0039_0038_0027_0027.jpg 1 39 38 27 27
0149_0022_0027_0060_0060.jpg 1 22 27 60 60
0150_0048_0040_0036_0036.jpg 1 48 40 36 36
0151_0017_0017_0069_0069.jpg 1 17 17 69 69
0152_0043_0062_0027_0027.jpg 1 43 62 27 27
0153_0009_0008_0064_0064.jpg 1 9 8 64 64
0154_0010_0041_0051_0051.jpg 1 10 41 51 51
0155_0010_0029_0053_0053.jpg 1 10 29 53 53
0156_0006_0027_0049_0049.jpg 1 6 27 49 49
0157_0051_0028_0035_0035.jpg 1 51 28 35 35
0158_0011_0026_0065_0065.jpg 1 11 26 65 65
0159_0005_0016_0050_0050.jpg 1 5 16 50 50
0160_0026_0012_0059_0059.jpg 1 26 12 59 59
0161_0029_0032_0032_0032.jpg 1 29 32 32 32
0162_0029_0058_0030_0030.jpg 1 29 58 30 30
0163_0019_0009_0065_0065.jpg 1 19 9 65 65
0164_0037_0047_0046_0046.jpg 1 37 47 46 46
0165_0020_0004_0064_0064.jpg 1 20 4 64 64
0166_0007_0030_0058_0058.jpg 1 7 30 58 58
0167_0044_0027_0040_0040.jpg 1 44 27 40 40
0168_0065_0025_0027_0027.jpg 1 65 25 27 27
0169_0025_0021_0047_0047.jpg 1 25 21 47 47
0170_0054_0014_0031_0031.jpg 1 54 14 31 31
0171_0017_0038_0037_0037.jpg 1 17 38 37 37
0172_0014_0024_0060_0060.jpg 1 14 24 60 60
0173_0042_0031_0047_0047.jpg 1 42 31 47 47
0174_0040_0009_0055_0055.jpg 1 40 9 55 55
0175_0041_0024_0040_0040.jpg 1 41 24 40 40
0176_0012_0026_0068_0068.jpg 1 12 26 68 68
0177_0009_0047_0030_0030.jpg 1 9 47 30 30
0178_0019_0010_0053_0053.jpg 1 19 10 53 53
0179_0056_0027_0034_0034.jpg 1 56 27 34 34
0180_0045_0026_0031_0031.jpg 1 45 26 31 31
0181_0042_0039_0026_0026.jpg 1 42 39 26 26
0182_0024_0026_0052_0052.jpg 1 24 26 52 52
0183_0045_0027_0037_0037.jpg 1 45 27 37 37
0184_0024_0014_0040_0040.jpg 1 24 14 40 40
0185_0049_0011_0043_0043.jpg 1 49 11 43 43
0186_0022_0016_0069_0069.jpg 1 22 16 69 69
0187_0029_0021_0058_0058.jpg 1 29 21 58 58
0188_0041_0029_0032_0032.jpg 1 41 29 32 32
0189_0024_0011_0035_0035.jpg 1 24 11 35 35
0190_0004_0019_0068_0068.jpg 1 4 19 68 68
0191_0007_0018_0043_0043.jpg 1 7 18 43 43
0192_0030_0016_0032_0032.jpg 1 30 16 32 32
0193_0032_0043_0033_0033.jpg 1 32 43 33 33
0194_0013_0012_0050_0050.jpg 1 13 12 50 50
0195_0005_0013_0067_0067.jpg 1 5 13 67 67
0196_0017_0049_0030_0030.jpg 1 17 49 30 30
0197_0034_0032_0049_0049.jpg 1 34 32 49 49
0198_0026_0007_0033_0033.jpg 1 26 7 33 33
0199_0052_0016_0027_0027.jpg 1 52 16 27 27
0200_0043_0040_0041_0041.jpg 1 43 40 41 41
0201_0021_0029_0029_0029.jpg 1 21 29 29 29
0202_0028_0010_0052_0052.jpg 1 28 10 52 52
0203_0020_0010_0055_0055.jpg 1 20 10 55 55
0204_0038_0011_0044_0044.jpg 1 38 11 44 44
0205_0040_0029_0038_0038.jpg 1 40 29 38 38
0206_0009_0018_0053_0053.jpg 1 9 18 53 53
0207_0014_0059_0033_0033.jpg 1 14 59 33 33
0208_0031_0053_0036_0036.jpg 1 31 53 36 36
0209_0038_0034_0040_0040.jpg 1 38 34 40 40
0210_0009_0012_0064_0064.jpg 1 9 12 64 64
0211_0013_0023_0069_0069.jpg 1 13 23 69 69
0212_0023_0007_0052_0052.jpg 1 23 7 52 52
0213_0033_0017_0057_0057.jpg 1 33 17 57 57
0214_0030_0007_0054_0054.jpg 1 30 7 54 54
0215_0027_0006_0067_0067.jpg 1 27 6 67 67
0216_0039_0018_0054_0054.jpg 1 39 18 54 54
0217_0027_0045_0040_0040.jpg 1 27 45 40 40
0218_0030_0034_0061_0061.jpg 1 30 34 61 61
0219_0008_0015_0067_0067.jpg 1 8 15 67 67
0220_0028_0013_0042_0042.jpg 1 28 13 42 42
0221_0011_0031_0031_0031.jpg 1 11 31 31 31
0222_0025_0025_0062_0062.jpg 1 25 25 62 62
0223_0033_0039_0026_0026.jpg 1 33 39 26 26
0224_0008_0029_0064_0064.jpg 1 8 29 64 64
0225_0026_0050_0029_0029.jpg 1 26 50 29 29
0226_0010_0019_0043_0043.jpg 1 10 19 43 43
0227_0039_0005_0047_0047.jpg 1 39 5 47 47
0228_0009_0003_0063_0063.jpg 1 9 3 63 63
0229_0041_0034_0051_0051.jpg 1 41 34 51 51
0230_0035_0035_0040_0040.jpg 1 35 35 40 40
0231_0027_0039_0038_0038.jpg 1 27 39 38 38
0232_0011_0035_0055_0055.jpg 1 11 35 55 55
0233_0021_0009_0047_0047.jpg 1 21 9 47 47
0234_0009_0034_0053_0053.jpg 1 9 34 53 53
0235_0036_0020_0049_0049.jpg 1 36 20 49 49
0236_0018_0018_0055_0055.jpg 1 18 18 55 55
0237_0005_0025_0064_0064.jpg 1 5 25 64 64
0238_0038_0058_0034_0034.jpg 1 38 58 34 34
0239_0012_0013_0069_0069.jpg 1 12 13 69 69
0240_0030_0038_0041_0041.jpg 1 30 38 41 41
0241_0021_0020_0033_0033.jpg 1 21 20 33 33
0242_0043_0022_0041_0041.jpg 1 43 22 41 41
0243_0051_0008_0026_0026.jpg 1 51 8 26 26
0244_0017_0039_0028_0028.jpg 1 17 39 28 28
0245_0026_0006_0063_0063.jpg 1 26 6 63 63
0246_0015_0020_0059_0059.jpg 1 15 20 59 59
0247_0030_0040_0055_0055.jpg 1 30 40 55 55
0248_0024_0010_0056_0056.jpg 1 24 10 56 56
0249_0026_0014_0046_0046.jpg 1 26 14 46 46
0250_0004_0012_0058_0058.jpg 1 4 12 58 58
0251_0013_0014_0066_0066.jpg 1 13 14 66 66
0252_0023_0029_0044_0044.jpg 1 23 29 44 44
0253_0056_0043_0034_0034.jpg 1 56 43 34 34
0254_0046_0055_0036_0036.jpg 1 46 55 36 36
0255_0053_0026_0031_0031.jpg 1 53 26 31 31
0256_0028_0037_0037_0037.jpg 1 28 37 37 37
0257_0007_0023_0031_0031.jpg 1 7 23 31 31
0258_0015_0022_0048_0048.jpg 1 15 22 48 48
0259_0027_0043_0032_0032.jpg 1 27 43 32 32
0260_0028_0014_0031_0031.jpg 1 28 14 31 31
0261_0057_0040_0029_0029.jpg 1 57 40 29 29
0262_0004_0024_0068_0068.jpg 1 4 24 68 68
0263_0006_0039_0055_0055.jpg 1 6 39 55 55
0264_0026_0012_0044_0044.jpg 1 26 12 44 44
0265_0018_0028_0067_0067.jpg 1 18 28 67 67
0266_0035_0009_0028_0028.jpg 1 35 9 28 28
0267_0042_0039_0045_0045.jpg 1 42 39 45 45
0268_0005_0030_0048_0048.jpg 1 5 30 48 48
0269_0007_0022_0063_0063.jpg 1 7 22 63 63
0270_0008_0004_0056_0056.jpg 1 8 4 56 56
0271_0009_0030_0060_0060.jpg 1 9 30 60 60
0272_0013_0011_0063_0063.jpg 1 13 11 63 63
0273_0029_0015_0059_0059.jpg 1 29 15 59 59
0274_0028_0012_0059_0059.jpg 1 28 12 59 59
0275_0028_0017_0054_0054.jpg 1 28 17 54 54
0276_0021_0012_0060_0060.jpg 1 21 12 60 60
0277_0025_0029_0028_0028.jpg 1 25 29 28 28
0278_0035_0054_0036_0036.jpg 1 35 54 36 36
0279_0017_0029_0060_0060.jpg 1 17 29 60 60
0280_0038_0023_0036_0036.jpg 1 38 23 36 36
0281_0025_0004_0062_0062.jpg 1 25 4 62 62
0282_0062_0036_0026_0026.jpg 1 62 36 26 26
0283_0032_0027_0063_0063.jpg 1 32 27 63 63
0284_0027_0017_0065_0065.jpg 1 27 17 65 65
0285_0031_0044_0033_0033.jpg 1 31 44 33 33
0286_0046_0043_0038_0038.jpg 1 46 43 38 38
0287_0022_0011_0068_0068.jpg 1 22 11 68 68
0288_0038_0012_0046_0046.jpg 1 38 12 46 46
0289_0031_0026_0024_0024.jpg 1 31 26 24 24
0290_0007_0012_0026_0026.jpg 1 7 12 26 26
0291_0008_0003_0067_0067.jpg 1 8 3 67 67
0292_0018_0025_0046_0046.jpg 1 18 25 46 46
0293_0028_0008_0042_0042.jpg 1 28 8 42 42
0294_0041_0022_0046_0046.jpg 1 41 22 46 46
0295_0050_0051_0034_0034.jpg 1 50 51 34 34
0296_0025_0031_0051_0051.jpg 1 25 31 51 51
0297_0026_0057_0026_0026.jpg 1 26 57 26 26
0298_0011_0022_0055_0055.jpg 1 11 22 55 55
0299_0022_0025_0068_0068.jpg 1 22 25 68 68
0300_0012_0011_0064_0064.jpg 1 12 11 64 64
0301_0012_0032_0063_0063.jpg 1 12 32 63 63
0302_0007_0015_0066_0066.jpg 1 7 15 66 66
0303_0039_0014_0036_0036.jpg 1 39 14 36 36
0304_0023_0007_0056_0056.jpg 1 23 7 56 56
0305_0024_0027_0042_0042.jpg 1 24 27 42 42
0306_0004_0030_0063_0063.jpg 1 4 30 63 63
0307_0019_0040_0026_0026.jpg 1 19 40 26 26
0308_0027_0043_0038_0038.jpg 1 27 43 38 38
0309_0012_0010_0044_0044.jpg 1 12 10 44 44
0310_0013_0019_0058_0058.jpg 1 13 19 58 58
0311_0046_0007_0037_0037.jpg 1 46 7 37 37
0312_0035_0039_0045_0045.jpg 1 35 39 45 45
0313_0033_0039_0049_0049.jpg 1 33 39 49 49
0314_0049_0015_0042_0042.jpg 1 49 15 42 42
0315_0023_0039_0046_0046.jpg 1 23 39 46 46
0316_0027_0034_0051_0051.jpg 1 27 34 51 51
0317_0027_0032_0038_0038.jpg 1 27 32 38 38
0318_0036_0024_0035_0035.jpg 1 36 24 35 35
0319_0034_0033_0027_0027.jpg 1 34 33 27 27
0320_0037_0019_0042_0042.jpg 1 37 19 42 42
0321_0006_0034_0058_0058.jpg 1 6 34 58 58
0322_0025_0008_0032_0032.jpg 1 25 8 32 32
0323_0035_0015_0047_0047.jpg 1 35 15 47 47
0324_0025_0040_0024_0024.jpg 1 25 40 24 24
0325_0007_0045_0045_0045.jpg 1 7 45 45 45
0326_0006_0032_0049_0049.jpg 1 6 32 49 49
0327_0028_0033_0035_0035.jpg 1 28 33 35 35
0328_0022_0031_0036_0036.jpg 1 22 31 36 36
0329_0030_0015_0055_0055.jpg 1 30 15 55 55
0330_0035_0015_0061_0061.jpg 1 35 15 61 61
0331_0007_0016_0066_0066.jpg 1 7 16 66 66
0332_0051_0025_0037_0037.jpg 1 51 25 37 37
0333_0013_0033_0043_0043.jpg 1 13 33 43 43
0334_0010_0057_0031_0031.jpg 1 10 57 31 31
0335_0032_0046_0034_0034.jpg 1 32 46 34 34
0336_0016_0008_0046_0046.jpg 1 16 8 46 46
0337_0006_0013_0065_0065.jpg 1 6 13 65 65
0338_0033_0030_0049_0049.jpg 1 33 30 49 49
0339_0016_0007_0069_0069.jpg 1 16 7 69 69
0340_0012_0028_0067_0067.jpg 1 12 28 67 67
0341_0009_0028_0053_0053.jpg 1 9 28 53 53
0342_0017_0019_0026_0026.jpg 1 17 19 26 26
0343_0007_0040_0052_0052.jpg 1 7 40 52 52
0344_0032_0019_0053_0053.jpg 1 32 19 53 53
0345_0033_0011_0050_0050.jpg 1 33 11 50 50
0346_0046_0053_0036_0036.jpg 1 46 53 36 36
0347_0032_0030_0060_0060.jpg 1 32 30 60 60
0348_0017_0018_0054_0054.jpg 1 17 18 54 54
0349_0009_0034_0054_0054.jpg 1 9 34 54 54
0350_0005_0025_0068_0068.jpg 1 5 25 68 68
0351_0008_0037_0054_0054.jpg 1 8 37 54 54
0352_0005_0029_0053_0053.jpg 1 5 29 53 53
0353_0004_0022_0069_0069.jpg 1 4 22 69 69
0354_0052_0012_0030_0030.jpg 1 52 12 30 30
0355_0041_0030_0044_0044.jpg 1 41 30 44 44
0356_0059_0018_0024_0024.jpg 1 59 18 24 24
0357_0053_0008_0040_0040.jpg 1 53 8 40 40
0358_0021_0014_0052_0052.jpg 1 21 14 52 52
0359_0025_0024_0036_0036.jpg 1 25 24 36 36
0360_0013_0009_0055_0055.jpg 1 13 9 55 55
0361_0027_0032_0057_0057.jpg 1 27 32 57 57
0362_0030_0028_0063_0063.jpg 1 30 28 63 63
0363_0011_0045_0041_0041.jpg 1 11 45 41 41
0364_0025_0004_0052_0052.jpg 1 25 4 52 52
0365_0014_0034_0061_0061.jpg 1 14 34 61 61
0366_0053_0040_0040_0040.jpg 1 53 40 40 40
0367_0033_0028_0052_0052.jpg 1 33 28 52 52
0368_0045_0034_0037_0037.jpg 1 45 34 37 37
0369_0015_0016_0064_0064.jpg 1 15 16 64 64
0370_0018_0029_0050_0050.jpg 1 18 29 50 50
0371_0011_0023_0047_0047.jpg 1 11 23 47 47
0372_0061_0054_0031_0031.jpg 1 61 54 31 31
0373_0010_0036_0026_0026.jpg 1 10 36 26 26
0374_0040_0022_0032_0032.jpg 1 40 22 32 32
0375_0008_0006_0051_0051.jpg 1 8 6 51 51
0376_0025_0062_0027_0027.jpg 1 25 62 27 27
0377_0009_0027_0043_0043.jpg 1 9 27 43 43
0378_0033_0012_0058_0058.jpg 1 33 12 58 58
0379_0047_0009_0039_0039.jpg 1 47 9 39 39
0380_0039_0030_0038_0038.jpg 1 39 30 38 38
0381_0019_0027_0029_0029.jpg 1 19 27 29 29
0382_0024_0020_0048_0048.jpg 1 24 20 48 48
0383_0016_0022_0055_0055.jpg 1 16 22 55 55
0384_0014_0057_0027_0027.jpg 1 14 57 27 27
0385_0020_0023_0067_0067.jpg 1 20 23 67 67
0386_0016_0027_0067_0067.jpg 1 16 27 67 67
0387_0025_0027_0061_0061.jpg 1 25 27 61 61
0388_0019_0038_0049_0049.jpg 1 19 38 49 49
0389_0007_0022_0044_0044.jpg 1 7 22 44 44
0390_0029_0050_0035_0035.jpg 1 29 50 35 35
0391_0010_0035_0036_0036.jpg 1 10 35 36 36
0392_0010_0009_0065_0065.jpg 1 10 9 65 65
0393_0031_0047_0024_0024.jpg 1 31 47 24 24
0394_0051_0043_0039_0039.jpg 1 51 43 39 39
0395_0042_0038_0027_0027.jpg 1 42 38 27 27
0396_0023_0025_0062_0062.jpg 1 23 25 62 62
0397_0019_0015_0060_0060.jpg 1 19 15 60 60
0398_0011_0047_0029_0029.jpg 1 11 47 29 29
0399_0037_0027_0039_0039.jpg 1 37 27 39 39
0400_0030_0030_0052_0052.jpg 1 30 30 52 52
0401_0038_0007_0036_0036.jpg 1 38 7 36 36
0402_0054_0010_0032_0032.jpg 1 54 10 32 32
0403_0011_0029_0046_0046.jpg 1 11 29 46 46
0404_0023_0007_0061_0061.jpg 1 23 7 61 61
0405_0013_0027_0058_0058.jpg 1 13 27 58 58
0406_0025_0027_0068_0068.jpg 1 25 27 68 68
0407_0009_0028_0064_0064.jpg 1 9 28 64 64
0408_0027_0007_0034_0034.jpg 1 27 7 34 34
0409_0010_0029_0062_0062.jpg 1 10 29 62 62
0410_0009_0004_0062_0062.jpg 1 9 4 62 62
0411_0015_0005_0053_0053.jpg 1 15 5 53 53
0412_0044_0006_0050_0050.jpg 1 44 6 50 50
0413_0059_0060_0026_0026.jpg 1 59 60 26 26
0414_0004_0015_0063_0063.jpg 1 4 15 63 63
0415_0007_0008_0055_0055.jpg 1 7 8 55 55
0416_0018_0022_0057_0057.jpg 1 18 22 57 57
0417_0011_0008_0039_0039.jpg 1 11 8 39 39
0418_0045_0011_0028_0028.jpg 1 45 11 28 28
0419_0014_0026_0064_0064.jpg 1 14 26 64 64
0420_0018_0010_0027_0027.jpg 1 18 10 27 27
0421_0008_0012_0030_0030.jpg 1 8 12 30 30
0422_0043_0052_0030_0030.jpg 1 43 52 30 30
0423_0012_0006_0040_0040.jpg 1 12 6 40 40
0424_0024_0005_0057_0057.jpg 1 24 5 57 57
0425_0025_0009_0056_0056.jpg 1 25 9 56 56
0426_0016_0020_0036_0036.jpg 1 16 20 36 36
0427_0040_0018_0038_0038.jpg 1 40 18 38 38
0428_0043_0029_0026_0026.jpg 1 43 29 26 26
0429_0034_0019_0050_0050.jpg 1 34 19 50 50
0430_0029_0034_0058_0058.jpg 1 29 34 58 58
0431_0024_0047_0038_0038.jpg 1 24 47 38 38
0432_0008_0026_0053_0053.jpg 1 8 26 53 53
0433_0058_0029_0031_0031.jpg 1 58 29 31 31
0434_0010_0030_0050_0050.jpg 1 10 30 50 50
0435_0024_0041_0046_0046.jpg 1 24 41 46 46
0436_0037_0058_0032_0032.jpg 1 37 58 32 32
0437_0015_0031_0033_0033.jpg 1 15 31 33 33
0438_0062_0064_0027_0027.jpg 1 62 64 27 27
0439_0058_0046_0029_0029.jpg 1 58 46 29 29
0440_0031_0021_0060_0060.jpg 1 31 21 60 60
0441_0048_0050_0039_0039.jpg 1 48 50 39 39
0442_0024_0005_0056_0056.jpg 1 24 5 56 56
0443_0024_0025_0045_0045.jpg 1 24 25 45 45
0444_0024_0027_0062_0062.jpg 1 24 27 62 62
0445_0050_0009_0044_0044.jpg 1 50 9 44 44
0446_0029_0013_0041_0041.jpg 1 29 13 41 41
0447_0027_0031_0056_0056.jpg 1 27 31 56 56
0448_0024_0025_0025_0025.jpg 1 24 25 25 25
0449_0007_0007_0056_0056.jpg 1 7 7 56 56
0450_0023_0063_0026_0026.jpg 1 23 63 26 26
0451_0017_0055_0028_0028.jpg 1 17 55 28 28
0452_0035_0026_0025_0025.jpg 1 35 26 25 25
0453_0036_0007_0047_0047.jpg 1 36 7 47 47
0454_0017_0007_0063_0063.jpg 1 17 7 63 63
0455_0005_0008_0047_0047.jpg 1 5 8 47 47
0456_0034_0005_0055_0055.jpg 1 34 5 55 55
0457_0048_0032_0042_0042.jpg 1 48 32 42 42
0458_0013_0006_0038_0038.jpg 1 13 6 38 38
0459_0036_0018_0036_0036.jpg 1 36 18 36 36
0460_0022_0044_0028_0028.jpg 1 22 44 28 28
0461_0042_0014_0050_0050.jpg 1 42 14 50 50
0462_0030_0015_0065_0065.jpg 1 30 15 65 65
0463_0040_0017_0039_0039.jpg 1 40 17 39 39
0464_0022_0009_0066_0066.jpg 1 22 9 66 66
0465_0041_0019_0041_0041.jpg 1 41 19 41 41
0466_0036_0034_0045_0045.jpg 1 36 34 45 45
0467_0019_0033_0059_0059.jpg 1 19 33 59 59
0468_0016_0008_0049_0049.jpg 1 16 8 49 49
0469_0013_0029_0058_0058.jpg 1 13 29 58 58
0470_0041_0015_0027_0027.jpg 1 41 15 27 27
0471_0015_0044_0049_0049.jpg 1 15 44 49 49
0472_0014_0013_0069_0069.jpg 1 14 13 69 69
0473_0016_0027_0057_0057.jpg 1 16 27 57 57
0474_0017_0039_0047_0047.jpg 1 17 39 47 47
0475_0012_0024_0058_0058.jpg 1 12 24 58 58
0476_0006_0006_0064_0064.jpg 1 6 6 64 64
0477_0031_0035_0027_0027.jpg 1 31 35 27 27
0478_0019_0011_0047_0047.jpg 1 19 11 47 47
0479_0007_0036_0053_0053.jpg 1 7 36 53 53
0480_0018_0048_0024_0024.jpg 1 18 48 24 24
0481_0042_0032_0050_0050.jpg 1 42 32 50 50
0482_0039_0046_0041_0041.jpg 1 39 46 41 41
0483_0038_0035_0053_0053.jpg 1 38 35 53 53
0484_0004_0010_0054_0054.jpg 1 4 10 54 54
0485_0039_0019_0029_0029.jpg 1 39 19 29 29
0486_0022_0048_0034_0034.jpg 1 22 48 34 34
0487_0017_0014_0039_0039.jpg 1 17 14 39 39
0488_0028_0045_0030_0030.jpg 1 28 45 30 30
0489_0025_0026_0067_0067.jpg 1 25 26 67 67
0490_0021_0035_0044_0044.jpg 1 21 35 44 44
0491_0038_0023_0052_0052.jpg 1 38 23 52 52
0492_0039_0022_0050_0050.jpg 1 39 22 50 50
0493_0027_0039_0050_0050.jpg 1 27 39 50 50
0494_0054_0044_0038_0038.jpg 1 54 44 38 38
0495_0048_0052_0033_0033.jpg 1 48 52 33 33
0496_0031_0027_0056_0056.jpg 1 31 27 56 56
0497_0032_0026_0031_0031.jpg 1 32 26 31 31
0498_0016_0020_0066_0066.jpg 1 16 20 66 66
0499_0024_0015_0044_0044.jpg 1 24 15 44 44
0500_0019_0047_0033_0033.jpg 1 19 47 33 33
0501_0035_0041_0035_0035.jpg 1 35 41 35 35
0502_0029_0023_0065_0065.jpg 1 29 23 65 65
0503_0024_0011_0053_0053.jpg 1 24 11 53 53
0504_0017_0008_0066_0066.jpg 1 17 8 66 66
0505_0020_0014_0069_0069.jpg 1 20 14 69 69
0506_0025_0013_0054_0054.jpg 1 25 13 54 54
0507_0005_0009_0069_0069.jpg 1 5 9 69 69
0508_0030_0020_0053_0053.jpg 1 30 20 53 53
0509_0017_0032_0032_0032.jpg 1 17 32 32 32
0510_0028_0036_0027_0027.jpg 1 28 36 27 27
0511_0020_0022_0064_0064.jpg 1 20 22 64 64
0512_0030_0038_0048_0048.jpg 1 30 38 48 48
0513_0024_0010_0048_0048.jpg 1 24 10 48 48
0514_0033_0053_0034_0034.jpg 1 33 53 34 34
0515_0025_0043_0044_0044.jpg 1 25 43 44 44
0516_0038_0043_0040_0040.jpg 1 38 43 40 40
0517_0018_0023_0058_0058.jpg 1 18 23 58 58
0518_0032_0008_0036_0036.jpg 1 32 8 36 36
0519_0014_0024_0031_0031.jpg 1 14 24 31 31
0520_0042_0041_0027_0027.jpg 1 42 41 27 27
0521_0018_0026_0061_0061.jpg 1 18 26 61 61
0522_0062_0021_0030_0030.jpg 1 62 21 30 30
0523_0019_0010_0057_0057.jpg 1 19 10 57 57
0524_0045_0045_0040_0040.jpg 1 45 45 40 40
0525_0011_0037_0034_0034.jpg 1 11 37 34 34
0526_0037_0034_0032_0032.jpg 1 37 34 32 32
0527_0024_0060_0024_0024.jpg 1 24 60 24 24
0528_0017_0040_0025_0025.jpg 1 17 40 25 25
0529_0040_0007_0038_0038.jpg 1 40 7 38 38
0530_0042_0035_0045_0045.jpg 1 42 35 45 45
0531_0010_0022_0059_0059.jpg 1 10 22 59 59
0532_0023_0009_0064_0064.jpg 1 23 9 64 64
0533_0007_0040_0050_0050.jpg 1 7 40 50 50
0534_0012_0047_0044_0044.jpg 1 12 47 44 44
0535_0007_0014_0062_0062.jpg 1 7 14 62 62
0536_0040_0012_0052_0052.jpg 1 40 12 52 52
0537_0042_0008_0030_0030.jpg 1 42 8 30 30
0538_0015_0057_0025_0025.jpg 1 15 57 25 25
0539_0017_0012_0056_0056.jpg 1 17 12 56 56
0540_0003_0018_0068_0068.jpg 1 3 18 68 68
0541_0018_0006_0040_0040.jpg 1 18 6 40 40
0542_0023_0045_0031_0031.jpg 1 23 45 31 31
0543_0033_0011_0059_0059.jpg 1 33 11 59 59
0544_0040_0050_0029_0029.jpg 1 40 50 29 29
0545_0010_0032_0057_0057.jpg 1 10 32 57 57
0546_0024_0011_0029_0029.jpg 1 24 11 29 29
0547_0027_0012_0035_0035.jpg 1 27 12 35 35
0548_0032_0023_0040_0040.jpg 1 32 23 40 40
0549_0029_0009_0060_0060.jpg 1 29 9 60 60
0550_0017_0005_0047_0047.jpg 1 17 5 47 47
0551_0033_0042_0041_0041.jpg 1 33 42 41 41
0552_0031_0052_0034_0034.jpg 1 31 52 34 34
0553_0013_0021_0046_0046.jpg 1 13 21 46 46
0554_0030_0042_0045_0045.jpg 1 30 42 45 45
0555_0024_0011_0049_0049.jpg 1 24 11 49 49
0556_0012_0056_0033_0033.jpg 1 12 56 33 33
0557_0025_0053_0038_0038.jpg 1 25 53 38 38
0558_0023_0016_0063_0063.jpg 1 23 16 63 63
0559_0008_0021_0056_0056.jpg 1 8 21 56 56
0560_0053_0042_0037_0037.jpg 1 53 42 37 37
0561_0025_0030_0033_0033.jpg 1 25 30 33 33
0562_0045_0037_0028_0028.jpg 1 45 37 28 28
0563_0035_0037_0042_0042.jpg 1 35 37 42 42
0564_0017_0038_0057_0057.jpg 1 17 38 57 57
0565_0013_0039_0040_0040.jpg 1 13 39 40 40
0566_0007_0018_0058_0058.jpg 1 7 18 58 58
0567_0024_0040_0051_0051.jpg 1 24 40 51 51
0568_0015_0017_0066_0066.jpg 1 15 17 66 66
0569_0023_0008_0067_0067.jpg 1 23 8 67 67
0570_0027_0044_0038_0038.jpg 1 27 44 38 38
0571_0034_0016_0039_0039.jpg 1 34 16 39 39
0572_0061_0024_0024_0024.jpg 1 61 24 24 24
0573_0009_0015_0057_0057.jpg 1 9 15 57 57
0574_0035_0033_0054_0054.jpg 1 35 33 54 54
0575_0028_0016_0040_0040.jpg 1 28 16 40 40
0576_0021_0012_0038_0038.jpg 1 21 12 38 38
0577_0033_0028_0052_0052.jpg 1 33 28 52 52
0578_0015_0011_0044_0044.jpg 1 15 11 44 44
0579_0046_0011_0048_0048.jpg 1 46 11 48 48
0580_0033_0030_0027_0027.jpg 1 33 30 27 27
0581_0020_0038_0040_0040.jpg 1 20 38 40 40
0582_0057_0056_0026_0026.jpg 1 57 56 26 26
0583_0048_0019_0030_0030.jpg 1 48 19 30 30
0584_0032_0027_0060_0060.jpg 1 32 27 60 60
0585_0004_0038_0057_0057.jpg 1 4 38 57 57
0586_0026_0013_0045_0045.jpg 1 26 13 45 45
0587_0011_0006_0058_0058.jpg 1 11 6 58 58
0588_0043_0021_0050_0050.jpg 1 43 21 50 50
0589_0028_0021_0032_0032.jpg 1 28 21 32 32
0590_0056_0053_0031_0031.jpg 1 56 53 31 31
0591_0008_0023_0068_0068.jpg 1 8 23 68 68
0592_0050_0019_0044_0044.jpg 1 50 19 44 44
0593_0063_0060_0026_0026.jpg 1 63 60 26 26
0594_0012_0005_0068_0068.jpg 1 12 5 68 68
0595_0020_0031_0052_0052.jpg 1 20 31 52 52
0596_0018_0037_0045_0045.jpg 1 18 37 45 45
0597_0009_0012_0045_0045.jpg 1 9 12 45 45
0598_0015_0010_0036_0036.jpg 1 15 10 36 36
0599_0026_0033_0031_0031.jpg 1 26 33 31 31
0600_0007_0022_0063_0063.jpg 1 7 22 63 63
0601_0019_0053_0038_0038.jpg 1 19 53 38 38
0602_0036_0032_0048_0048.jpg 1 36 32 48 48
0603_0010_0007_0067_0067.jpg 1 10 7 67 67
0604_0030_0019_0043_0043.jpg 1 30 19 43 43
0605_0005_0009_0054_0054.jpg 1 5 9 54 54
0606_0053_0026_0029_0029.jpg 1 53 26 29 29
0607_0004_0004_0067_0067.jpg 1 4 4 67 67
0608_0004_0009_0061_0061.jpg 1 4 9 61 61
0609_0052_0034_0033_0033.jpg 1 52 34 33 33
0610_0018_0018_0043_0043.jpg 1 18 18 43 43
0611_0008_0048_0024_0024.jpg 1 8 48 24 24
0612_0024_0054_0029_0029.jpg 1 24 54 29 29
0613_0018_0057_0030_0030.jpg 1 18 57 30 30
0614_0047_0059_0026_0026.jpg 1 47 59 26 26
0615_0019_0026_0061_0061.jpg 1 19 26 61 61
0616_0027_0015_0069_0069.jpg 1 27 15 69 69
0617_0045_0060_0033_0033.jpg 1 45 60 33 33
0618_0031_0009_0051_0051.jpg 1 31 9 51 51
0619_0019_0028_0065_0065.jpg 1 19 28 65 65
0620_0040_0033_0038_0038.jpg 1 40 33 38 38
0621_0028_0038_0025_0025.jpg 1 28 38 25 25
0622_0008_0028_0056_0056.jpg 1 8 28 56 56
0623_0046_0049_0045_0045.jpg 1 46 49 45 45
0624_0031_0054_0033_0033.jpg 1 31 54 33 33
0625_0014_0012_0042_0042.jpg 1 14 12 42 42
0626_0012_0032_0028_0028.jpg 1 12 32 28 28
0627_0028_0027_0056_0056.jpg 1 28 27 56 56
0628_0007_0026_0052_0052.jpg 1 7 26 52 52
0629_0051_0040_0024_0024.jpg 1 51 40 24 24
0630_0038_0038_0025_0025.jpg 1 38 38 25 25
0631_0025_0048_0043_0043.jpg 1 25 48 43 43
0632_0021_0011_0062_0062.jpg 1 21 11 62 62
0633_0040_0052_0037_0037.jpg 1 40 52 37 37
0634_0047_0031_0041_0041.jpg 1 47 31 41 41
0635_0014_0018_0061_0061.jpg 1 14 18 61 61
0636_0011_0041_0052_0052.jpg 1 11 41 52 52
0637_0048_0022_0044_0044.jpg 1 48 22 44 44
0638_0034_0036_0049_0049.jpg 1 34 36 49 49
0639_0014_0040_0030_0030.jpg 1 14 40 30 30
0640_0018_0045_0047_0047.jpg 1 18 45 47 47
0641_0020_0017_0065_0065.jpg 1 20 17 65 65
0642_0033_0050_0034_0034.jpg 1 33 50 34 34
0643_0012_0041_0051_0051.jpg 1 12 41 51 51
0644_0031_0021_0034_0034.jpg 1 31 21 34 34
0645_0031_0039_0053_0053.jpg 1 31 39 53 53
0646_0019_0042_0037_0037.jpg 1 19 42 37 37
0647_0021_0046_0026_0026.jpg 1 21 46 26 26
0648_0043_0012_0045_0045.jpg 1 43 12 45 45
0649_0038_0058_0027_0027.jpg 1 38 58 27 27
0650_0006_0013_0044_0044.jpg 1 6 13 44 44
0651_0030_0019_0050_0050.jpg 1 30 19 50 50
0652_0009_0021_0064_0064.jpg 1 9 21 64 64
0653_0024_0005_0044_0044.jpg 1 24 5 44 44
0654_0010_0025_0024_0024.jpg 1 10 25 24 24
0655_0005_0019_0056_0056.jpg 1 5 19 56 56
0656_0016_0049_0042_0042.jpg 1 16 49 42 42
0657_0029_0052_0026_0026.jpg 1 29 52 26 26
0658_0046_0034_0041_0041.jpg 1 46 34 41 41
0659_0032_0030_0054_0054.jpg 1 32 30 54 54
0660_0012_0014_0041_0041.jpg 1 12 14 41 41
0661_0041_0016_0038_0038.jpg 1 41 16 38 38
0662_0039_0045_0046_0046.jpg 1 39 45 46 46
0663_0012_0004_0062_0062.jpg 1 12 4 62 62
0664_0050_0035_0024_0024.jpg 1 50 35 24 24
0665_0022_0012_0064_0064.jpg 1 22 12 64 64
0666_0013_0017_0067_0067.jpg 1 13 17 67 67
0667_0044_0056_0036_0036.jpg 1 44 56 36 36
0668_0022_0027_0068_0068.jpg 1 22 27 68 68
0669_0015_0020_0056_0056.jpg 1 15 20 56 56
0670_0032_0045_0044_0044.jpg 1 32 45 44 44
0671_0017_0046_0048_0048.jpg 1 17 46 48 48
0672_0022_0016_0067_0067.jpg 1 22 16 67 67
0673_0034_0017_0033_0033.jpg 1 34 17 33 33
0674_0032_0025_0044_0044.jpg 1 32 25 44 44
0675_0015_0026_0064_0064.jpg 1 15 26 64 64
0676_0026_0031_0062_0062.jpg 1 26 31 62 62
0677_0018_0016_0048_0048.jpg 1 18 16 48 48
0678_0021_0009_0065_0065.jpg 1 21 9 65 65
0679_0019_0037_0050_0050.jpg 1 19 37 50 50
0680_0009_0010_0060_0060.jpg 1 9 10 60 60
0681_0024_0006_0034_0034.jpg 1 24 6 34 34
0682_0036_0065_0026_0026.jpg 1 36 65 26 26
0683_0020_0035_0053_0053.jpg 1 20 35 53 53
0684_0028_0004_0065_0065.jpg 1 28 4 65 65
0685_0007_0040_0028_0028.jpg 1 7 40 28 28
0686_0038_0007_0054_0054.jpg 1 38 7 54 54
0687_0004_0020_0069_0069.jpg 1 4 20 69 69
0688_0014_0031_0057_0057.jpg 1 14 31 57 57
0689_0058_0016_0025_0025.jpg 1 58 16 25 25
0690_0045_0019_0049_0049.jpg 1 45 19 49 49
0691_0034_0028_0041_0041.jpg 1 34 28 41 41
0692_0026_0034_0053_0053.jpg 1 26 34 53 53
0693_0022_0017_0066_0066.jpg 1 22 17 66 66
0694_0041_0010_0053_0053.jpg 1 41 10 53 53
0695_0023_0037_0056_0056.jpg 1 23 37 56 56
0696_0024_0048_0042_0042.jpg 1 24 48 42 42
0697_0019_0021_0069_0069.jpg 1 19 21 69 69
0698_0044_0053_0031_0031.jpg 1 44 53 31 31
0699_0015_0013_0058_0058.jpg 1 15 13 58 58
0700_0010_0012_0063_0063.jpg 1 10 12 63 63
0701_0023_0012_0069_0069.jpg 1 23 12 69 69
0702_0031_0031_0044_0044.jpg 1 31 31 44 44
0703_0028_0013_0046_0046.jpg 1 28 13 46 46
0704_0056_0023_0030_0030.jpg 1 56 23 30 30
0705_0029_0045_0031_0031.jpg 1 29 45 31 31
0706_0022_0052_0041_0041.jpg 1 22 52 41 41
0707_0007_0023_0040_0040.jpg 1 7 23 40 40
0708_0024_0006_0068_0068.jpg 1 24 6 68 68
0709_0032_0026_0063_0063.jpg 1 32 26 63 63
0710_0014_0039_0041_0041.jpg 1 14 39 41 41
0711_0018_0023_0056_0056.jpg 1 18 23 56 56
0712_0003_0032_0064_0064.jpg 1 3 32 64 64
0713_0031_0023_0061_0061.jpg 1 31 23 61 61
0714_0007_0051_0033_0033.jpg 1 7 51 33 33
0715_0007_0033_0039_0039.jpg 1 7 33 39 39
0716_0050_0047_0038_0038.jpg 1 50 47 38 38
0717_0024_0007_0059_0059.jpg 1 24 7 59 59
0718_0035_0013_0040_0040.jpg 1 35 13 40 40
0719_0029_0028_0066_0066.jpg 1 29 28 66 66
0720_0049_0045_0032_0032.jpg 1 49 45 32 32
0721_0006_0011_0035_0035.jpg 1 6 11 35 35
0722_0017_0030_0043_0043.jpg 1 17 30 43 43
0723_0013_0018_0069_0069.jpg 1 13 18 69 69
0724_0048_0037_0044_0044.jpg 1 48 37 44 44
0725_0036_0036_0051_0051.jpg 1 36 36 51 51
0726_0013_0030_0044_0044.jpg 1 13 30 44 44
0727_0043_0035_0029_0029.jpg 1 43 35 29 29
0728_0032_0007_0061_0061.jpg 1 32 7 61 61
0729_0022_0017_0036_0036.jpg 1 22 17 36 36
0730_0023_0046_0025_0025.jpg 1 23 46 25 25
0731_0014_0034_0045_0045.jpg 1 14 34 45 45
0732_0007_0019_0062_0062.jpg 1 7 19 62 62
0733_0045_0022_0041_0041.jpg 1 45 22 41 41
0734_0040_0022_0051_0051.jpg 1 40 22 51 51
0735_0050_0050_0039_0039.jpg 1 50 50 39 39
0736_0032_0023_0034_0034.jpg 1 32 23 34 34
0737_0032_0034_0057_0057.jpg 1 32 34 57 57
0738_0010_0017_0061_0061.jpg 1 10 17 61 61
0739_0009_0025_0028_0028.jpg 1 9 25 28 28
0740_0009_0019_0029_0029.jpg 1 9 19 29 29
0741_0015_0005_0065_0065.jpg 1 15 5 65 65
0742_0050_0055_0031_0031.jpg 1 50 55 31 31
0743_0017_0018_0043_0043.jpg 1 17 18 43 43
0744_0032_0020_0058_0058.jpg 1 32 20 58 58
0745_0043_0015_0030_0030.jpg 1 43 15 30 30
0746_0042_0038_0032_0032.jpg 1 42 38 32 32
0747_0023_0061_0025_0025.jpg 1 23 61 25 25
0748_0032_0045_0048_0048.jpg 1 32 45 48 48
0749_0022_0006_0059_0059.jpg 1 22 6 59 59
0750_0026_0058_0027_0027.jpg 1 26 58 27 27
0751_0042_0017_0029_0029.jpg 1 42 17 29 29
0752_0013_0047_0035_0035.jpg 1 13 47 35 35
0753_0027_0043_0050_0050.jpg 1 27 43 50 50
0754_0043_0025_0025_0025.jpg 1 43 25 25 25
0755_0011_0015_0031_0031.jpg 1 11 15 31 31
0756_0050_0027_0035_0035.jpg 1 50 27 35 35
0757_0023_0021_0030_0030.jpg 1 23 21 30 30
0758_0019_0040_0042_0042.jpg 1 19 40 42 42
0759_0017_0024_0055_0055.jpg 1 17 24 55 55
0760_0017_0038_0048_0048.jpg 1 17 38 48 48
0761_0036_0032_0054_0054.jpg 1 36 32 54 54
0762_0026_0006_0061_0061.jpg 1 26 6 61 61
0763_0009_0027_0060_0060.jpg 1 9 27 60 60
0764_0046_0023_0027_0027.jpg 1 46 23 27 27
0765_0010_0039_0034_0034.jpg 1 10 39 34 34
0766_0021_0008_0043_0043.jpg 1 21 8 43 43
0767_0017_0018_0062_0062.jpg 1 17 18 62 62
0768_0021_0026_0061_0061.jpg 1 21 26 61 61
0769_0003_0024_0067_0067.jpg 1 3 24 67 67
0770_0010_0031_0056_0056.jpg 1 10 31 56 56
0771_0017_0007_0064_0064.jpg 1 17 7 64 64
0772_0017_0016_0062_0062.jpg 1 17 16 62 62
0773_0046_0052_0034_0034.jpg 1 46 52 34 34
0774_0038_0035_0050_0050.jpg 1 38 35 50 50
0775_0038_0031_0054_0054.jpg 1 38 31 54 54
0776_0041_0022_0042_0042.jpg 1 41 22 42 42
0777_0054_0041_0035_0035.jpg 1 54 41 35 35
0778_0020_0044_0038_0038.jpg 1 20 44 38 38
0779_0021_0013_0063_0063.jpg 1 21 13 63 63
0780_0043_0054_0033_0033.jpg 1 43 54 33 33
0781_0026_0003_0064_0064.jpg 1 26 3 64 64
0782_0038_0032_0053_0053.jpg 1 38 32 53 53
0783_0006_0015_0060_0060.jpg 1 6 15 60 60
0784_0038_0047_0043_0043.jpg 1 38 47 43 43
0785_0031_0014_0058_0058.jpg 1 31 14 58 58
0786_0020_0019_0029_0029.jpg 1 20 19 29 29
0787_0031_0017_0064_0064.jpg 1 31 17 64 64
0788_0026_0030_0055_0055.jpg 1 26 30 55 55
0789_0014_0016_0055_0055.jpg 1 14 16 55 55
0790_0026_0045_0049_0049.jpg 1 26 45 49 49
0791_0032_0027_0046_0046.jpg 1 32 27 46 46
0792_0025_0019_0065_0065.jpg 1 25 19 65 65
0793_0052_0025_0034_0034.jpg 1 52 25 34 34
0794_0008_0031_0062_0062.jpg 1 8 31 62 62
0795_0039_0029_0038_0038.jpg 1 39 29 38 38
0796_0046_0043_0048_0048.jpg 1 46 43 48 48
0797_0013_0010_0054_0054.jpg 1 13 10 54 54
0798_0021_0050_0041_0041.jpg 1 21 50 41 41
0799_0012_0009_0061_0061.jpg 1 12 9 61 61
0800_0011_0034_0045_0045.jpg 1 11 34 45 45
0801_0018_0037_0055_0055.jpg 1 18 37 55 55
0802_0021_0026_0054_0054.jpg 1 21 26 54 54
0803_0051_0043_0025_0025.jpg 1 51 43 25 25
0804_0027_0048_0036_0036.jpg 1 27 48 36 36
0805_0036_0011_0043_0043.jpg 1 36 11 43 43
0806_0008_0016_0040_0040.jpg 1 8 16 40 40
0807_0026_0012_0052_0052.jpg 1 26 12 52 52
0808_0022_0024_0067_0067.jpg 1 22 24 67 67
0809_0027_0015_0033_0033.jpg 1 27 15 33 33
0810_0011_0012_0068_0068.jpg 1 11 12 68 68
0811_0018_0020_0033_0033.jpg 1 18 20 33 33
0812_0011_0019_0050_0050.jpg 1 11 19 50 50
0813_0068_0066_0024_0024.jpg 1 68 66 24 24
0814_0028_0060_0028_0028.jpg 1 28 60 28 28
0815_0016_0012_0067_0067.jpg 1 16 12 67 67
0816_0025_0028_0058_0058.jpg 1 25 28 58 58
0817_0029_0026_0067_0067.jpg 1 29 26 67 67
0818_0019_0030_0066_0066.jpg 1 19 30 66 66
0819_0015_0033_0033_0033.jpg 1 15 33 33 33
0820_0009_0028_0062_0062.jpg 1 9 28 62 62
0821_0037_0047_0041_0041.jpg 1 37 47 41 41
0822_0021_0025_0024_0024.jpg 1 21 25 24 24
0823_0034_0045_0048_0048.jpg 1 34 45 48 48
0824_0016_0012_0056_0056.jpg 1 16 12 56 56
0825_0051_0053_0026_0026.jpg 1 51 53 26 26
0826_0023_0014_0055_0055.jpg 1 23 14 55 55
0827_0049_0012_0045_0045.jpg 1 49 12 45 45
0828_0031_0025_0059_0059.jpg 1 31 25 59 59
0829_0037_0012_0055_0055.jpg 1 37 12 55 55
0830_0010_0027_0049_0049.jpg 1 10 27 49 49
0831_0040_0052_0028_0028.jpg 1 40 52 28 28
0832_0009_0019_0059_0059.jpg 1 9 19 59 59
0833_0058_0014_0030_0030.jpg 1 58 14 30 30
0834_0015_0018_0063_0063.jpg 1 15 18 63 63
0835_0032_0010_0057_0057.jpg 1 32 10 57 57
0836_0007_0018_0053_0053.jpg 1 7 18 53 53
0837_0058_0007_0030_0030.jpg 1 58 7 30 30
0838_0010_0022_0056_0056.jpg 1 10 22 56 56
0839_0059_0031_0030_0030.jpg 1 59 31 30 30
0840_0023_0012_0028_0028.jpg 1 23 12 28 28
0841_0010_0024_0058_0058.jpg 1 10 24 58 58
0842_0018_0048_0033_0033.jpg 1 18 48 33 33
0843_0043_0043_0032_0032.jpg 1 43 43 32 32
0844_0031_0030_0031_0031.jpg 1 31 30 31 31
0845_0007_0030_0041_0041.jpg 1 7 30 41 41
0846_0025_0029_0057_0057.jpg 1 25 29 57 57
0847_0047_0043_0047_0047.jpg 1 47 43 47 47
0848_0056_0047_0030_0030.jpg 1 56 47 30 30
0849_0021_0012_0069_0069.jpg 1 21 12 69 69
0850_0023_0007_0041_0041.jpg 1 23 7 41 41
0851_0024_0010_0066_0066.jpg 1 24 10 66 66
0852_0025_0015_0028_0028.jpg 1 25 15 28 28
0853_0036_0035_0047_0047.jpg 1 36 35 47 47
0854_0027_0008_0052_0052.jpg 1 27 8 52 52
0855_0010_0032_0056_0056.jpg 1 10 32 56 56
0856_0043_0040_0027_0027.jpg 1 43 40 27 27
0857_0033_0017_0056_0056.jpg 1 33 17 56 56
0858_0025_0050_0038_0038.jpg 1 25 50 38 38
0859_0029_0061_0027_0027.jpg 1 29 61 27 27
0860_0033_0031_0050_0050.jpg 1 33 31 50 50
0861_0023_0024_0059_0059.jpg 1 23 24 59 59
0862_0017_0028_0043_0043.jpg 1 17 28 43 43
0863_0035_0036_0041_0041.jpg 1 35 36 41 41
0864_0033_0018_0039_0039.jpg 1 33 18 39 39
0865_0007_0023_0051_0051.jpg 1 7 23 51 51
0866_0010_0037_0035_0035.jpg 1 10 37 35 35
0867_0006_0019_0069_0069.jpg 1 6 19 69 69
0868_0043_0020_0050_0050.jpg 1 43 20 50 50
0869_0020_0033_0042_0042.jpg 1 20 33 42 42
0870_0011_0042_0026_0026.jpg 1 11 42 26 26
0871_0035_0021_0048_0048.jpg 1 35 21 48 48
0872_0020_0013_0029_0029.jpg 1 20 13 29 29
0873_0027_0012_0048_0048.jpg 1 27 12 48 48
0874_0006_0029_0066_0066.jpg 1 6 29 66 66
0875_0018_0006_0051_0051.jpg 1 18 6 51 51
0876_0045_0038_0032_0032.jpg 1 45 38 32 32
0877_0013_0008_0066_0066.jpg 1 13 8 66 66
0878_0007_0024_0052_0052.jpg 1 7 24 52 52
0879_0024_0043_0043_0043.jpg 1 24 43 43 43
0880_0022_0023_0040_0040.jpg 1 22 23 40 40
0881_0024_0030_0065_0065.jpg 1 24 30 65 65
0882_0052_0056_0026_0026.jpg 1 52 56 26 26
0883_0026_0025_0058_0058.jpg 1 26 25 58 58
0884_0015_0015_0068_0068.jpg 1 15 15 68 68
0885_0061_0059_0028_0028.jpg 1 61 59 28 28
0886_0044_0051_0031_0031.jpg 1 44 51 31 31
0887_0010_0012_0059_0059.jpg 1 10 12 59 59
0888_0022_0005_0053_0053.jpg 1 22 5 53 53
0889_0021_0031_0056_0056.jpg 1 21 31 56 56
0890_0007_0029_0041_0041.jpg 1 7 29 41 41
0891_0025_0030_0028_0028.jpg 1 25 30 28 28
0892_0020_0033_0049_0049.jpg 1 20 33 49 49
0893_0034_0031_0053_0053.jpg 1 34 31 53 53
0894_0051_0032_0042_0042.jpg 1 51 32 42 42
0895_0059_0032_0025_0025.jpg 1 59 32 25 25
0896_0028_0043_0044_0044.jpg 1 28 43 44 44
0897_0053_0032_0028_0028.jpg 1 53 32 28 28
0898_0009_0017_0039_0039.jpg 1 9 17 39 39
0899_0031_0028_0060_0060.jpg 1 31 28 60 60
0900_0059_0042_0032_0032.jpg 1 59 42 32 32
0901_0007_0030_0064_0064.jpg 1 7 30 64 64
0902_0026_0052_0032_0032.jpg 1 26 52 32 32
0903_0007_0003_0066_0066.jpg 1 7 3 66 66
0904_0015_0041_0036_0036.jpg 1 15 41 36 36
0905_0024_0017_0067_0067.jpg 1 24 17 67 67
0906_0037_0029_0040_0040.jpg 1 37 29 40 40
0907_0031_0030_0039_0039.jpg 1 31 30 39 39
0908_0017_0041_0030_0030.jpg 1 17 41 30 30
0909_0029_0015_0059_0059.jpg 1 29 15 59 59
0910_0023_0019_0065_0065.jpg 1 23 19 65 65
0911_0038_0048_0044_0044.jpg 1 38 48 44 44
0912_0026_0014_0065_0065.jpg 1 26 14 65 65
0913_0016_0017_0069_0069.jpg 1 16 17 69 69
0914_0035_0020_0048_0048.jpg 1 35 20 48 48
0915_0015_0028_0053_0053.jpg 1 15 28 53 53
0916_0056_0051_0035_0035.jpg 1 56 51 35 35
0917_0024_0030_0059_0059.jpg 1 24 30 59 59
0918_0015_0023_0044_0044.jpg 1 15 23 44 44
0919_0005_0013_0053_0053.jpg 1 5 13 53 53
0920_0014_0021_0052_0052.jpg 1 14 21 52 52
0921_0041_0042_0031_0031.jpg 1 41 42 31 31
0922_0026_0037_0026_0026.jpg 1 26 37 26 26
0923_0014_0010_0066_0066.jpg 1 14 10 66 66
0924_0007_0031_0050_0050.jpg 1 7 31 50 50
0925_0037_0019_0034_0034.jpg 1 37 19 34 34
0926_0049_0039_0030_0030.jpg 1 49 39 30 30
0927_0025_0016_0065_0065.jpg 1 25 16 65 65
0928_0026_0035_0061_0061.jpg 1 26 35 61 61
0929_0022_0029_0064_0064.jpg 1 22 29 64 64
0930_0024_0031_0055_0055.jpg 1 24 31 55 55
0931_0045_0012_0049_0049.jpg 1 45 12 49 49
0932_0035_0032_0042_0042.jpg 1 35 32 42 42
0933_0037_0032_0037_0037.jpg 1 37 32 37 37
0934_0022_0016_0052_0052.jpg 1 22 16 52 52
0935_0016_0042_0041_0041.jpg 1 16 42 41 41
0936_0026_0038_0026_0026.jpg 1 26 38 26 26
0937_0010_0028_0065_0065.jpg 1 10 28 65 65
0938_0039_0024_0039_0039.jpg 1 39 24 39 39
0939_0045_0014_0041_0041.jpg 1 45 14 41 41
0940_0010_0007_0041_0041.jpg 1 10 7 41 41
0941_0004_0024_0061_0061.jpg 1 4 24 61 61
0942_0052_0036_0028_0028.jpg 1 52 36 28 28
0943_0038_0034_0040_0040.jpg 1 38 34 40 40
0944_0038_0053_0024_0024.jpg 1 38 53 24 24
0945_0049_0018_0045_0045.jpg 1 49 18 45 45
0946_0022_0030_0029_0029.jpg 1 22 30 29 29
0947_0038_0017_0041_0041.jpg 1 38 17 41 41
0948_0016_0023_0060_0060.jpg 1 16 23 60 60
0949_0041_0014_0042_0042.jpg 1 41 14 42 42
0950_0061_0028_0031_0031.jpg 1 61 28 31 31
0951_0026_0041_0024_0024.jpg 1 26 41 24 24
0952_0063_0060_0025_0025.jpg 1 63 60 25 25
0953_0021_0022_0069_0069.jpg 1 21 22 69 69
0954_0035_0019_0033_0033.jpg 1 35 19 33 33
0955_0057_0023_0028_0028.jpg 1 57 23 28 28
0956_0021_0010_0046_0046.jpg 1 21 10 46 46
0957_0029_0033_0057_0057.jpg 1 29 33 57 57
0958_0060_0042_0032_0032.jpg 1 60 42 32 32
0959_0024_0028_0059_0059.jpg 1 24 28 59 59
0960_0019_0037_0032_0032.jpg 1 19 37 32 32
0961_0028_0027_0067_0067.jpg 1 28 27 67 67
0962_0014_0017_0056_0056.jpg 1 14 17 56 56
0963_0023_0047_0036_0036.jpg 1 23 47 36 36
0964_0015_0013_0059_0059.jpg 1 15 13 59 59
0965_0014_0031_0034_0034.jpg 1 14 31 34 34
0966_0044_0024_0031_0031.jpg 1 44 24 31 31
0967_0030_0029_0051_0051.jpg 1 30 29 51 51
0968_0026_0018_0065_0065.jpg 1 26 18 65 65
0969_0021_0030_0057_0057.jpg 1 21 30 57 57
0970_0015_0022_0045_0045.jpg 1 15 22 45 45
0971_0014_0043_0033_0033.jpg 1 14 43 33 33
0972_0008_0026_0056_0056.jpg 1 8 26 56 56
0973_0025_0027_0052_0052.jpg 1 25 27 52 52
0974_0028_0029_0030_0030.jpg 1 28 29 30 30
0975_0034_0006_0061_0061.jpg 1 34 6 61 61
0976_0037_0033_0035_0035.jpg 1 37 33 35 35
0977_0046_0022_0042_0042.jpg 1 46 22 42 42
0978_0039_0021_0030_0030.jpg 1 39 21 30 30
0979_0028_0018_0050_0050.jpg 1 28 18 50 50
0980_0040_0008_0045_0045.jpg 1 40 8 45 45
0981_0022_0021_0067_0067.jpg 1 22 21 67 67
0982_0026_0023_0040_0040.jpg 1 26 23 40 40
0983_0029_0024_0061_0061.jpg 1 29 24 61 61
0984_0012_0012_0046_0046.jpg 1 12 12 46 46
0985_0006_0025_0060_0060.jpg 1 6 25 60 60
0986_0026_0018_0061_0061.jpg 1 26 18 61 61
0987_0044_0010_0047_0047.jpg 1 44 10 47 47
0988_0024_0011_0066_0066.jpg 1 24 11 66 66
0989_0011_0025_0064_0064.jpg 1 11 25 64 64
0990_0048_0009_0045_0045.jpg 1 48 9 45 45
0991_0006_0010_0037_0037.jpg 1 6 10 37 37
0992_0026_0009_0031_0031.jpg 1 26 9 31 31
0993_0013_0007_0062_0062.jpg 1 13 7 62 62
0994_0040_0018_0054_0054.jpg 1 40 18 54 54
0995_0030_0054_0035_0035.jpg 1 30 54 35 35
0996_0024_0016_0058_0058.jpg 1 24 16 58 58
0997_0020_0012_0063_0063.jpg 1 20 12 63 63
0998_0033_0016_0059_0059.jpg 1 33 16 59 59
0999_0015_0042_0047_0047.jpg 1 15 42 47 47
1000_0008_0030_0060_0060.jpg 1 8 30 60 60
1001_0036_0033_0055_0055.jpg 1 36 33 55 55
1002_0015_0004_0069_0069.jpg 1 15 4 69 69
1003_0032_0047_0042_0042.jpg 1 32 47 42 42
1004_0032_0031_0035_0035.jpg 1 32 31 35 35
1005_0024_0023_0041_0041.jpg 1 24 23 41 41
1006_0010_0023_0027_0027.jpg 1 10 23 27 27
1007_0017_0011_0048_0048.jpg 1 17 11 48 48
1008_0042_0008_0048_0048.jpg 1 42 8 48 48
1009_0026_0037_0050_0050.jpg 1 26 37 50 50
1010_0015_0005_0062_0062.jpg 1 15 5 62 62
1011_0006_0021_0069_0069.jpg 1 6 21 69 69
1012_0034_0020_0042_0042.jpg 1 34 20 42 42
1013_0050_0036_0042_0042.jpg 1 50 36 42 42
1014_0045_0006_0038_0038.jpg 1 45 6 38 38
1015_0018_0050_0032_0032.jpg 1 18 50 32 32
1016_0040_0059_0027_0027.jpg 1 40 59 27 27
1017_0062_0009_0024_0024.jpg 1 62 9 24 24
1018_0013_0030_0031_0031.jpg 1 13 30 31 31
1019_0020_0021_0054_0054.jpg 1 20 21 54 54
1020_0020_0053_0028_0028.jpg 1 20 53 28 28
1021_0050_0027_0037_0037.jpg 1 50 27 37 37
1022_0009_0045_0031_0031.jpg 1 9 45 31 31
1023_0025_0019_0063_0063.jpg 1 25 19 63 63
1024_0038_0010_0034_0034.jpg 1 38 10 34 34
1025_0047_0019_0041_0041.jpg 1 47 19 41 41
1026_0017_0043_0036_0036.jpg 1 17 43 36 36
1027_0041_0019_0042_0042.jpg 1 41 19 42 42
1028_0013_0006_0069_0069.jpg 1 13 6 69 69
1029_0012_0043_0035_0035.jpg 1 12 43 35 35
1030_0019_0006_0051_0051.jpg 1 19 6 51 51
1031_0020_0013_0041_0041.jpg 1 20 13 41 41
1032_0052_0013_0037_0037.jpg 1 52 13 37 37
1033_0030_0026_0043_0043.jpg 1 30 26 43 43
1034_0020_0009_0067_0067.jpg 1 20 9 67 67
1035_0022_0036_0040_0040.jpg 1 22 36 40 40
1036_0028_0009_0063_0063.jpg 1 28 9 63 63
1037_0052_0056_0026_0026.jpg 1 52 56 26 26
1038_0057_0053_0035_0035.jpg 1 57 53 35 35
1039_0007_0032_0033_0033.jpg 1 7 32 33 33
1040_0034_0047_0032_0032.jpg 1 34 47 32 32
1041_0035_0035_0050_0050.jpg 1 35 35 50 50
1042_0037_0033_0035_0035.jpg 1 37 33 35 35
1043_0034_0043_0048_0048.jpg 1 34 43 48 48
1044_0020_0022_0039_0039.jpg 1 20 22 39 39
1045_0017_0025_0043_0043.jpg 1 17 25 43 43
1046_0040_0053_0040_0040.jpg 1 40 53 40 40
1047_0032_0043_0031_0031.jpg 1 32 43 31 31
1048_0038_0026_0052_0052.jpg 1 38 26 52 52
1049_0014_0057_0031_0031.jpg 1 14 57 31 31
1050_0014_0011_0051_0051.jpg 1 14 11 51 51
1051_0022_0034_0041_0041.jpg 1 22 34 41 41
1052_0031_0023_0063_0063.jpg 1 31 23 63 63
1053_0036_0032_0042_0042.jpg 1 36 32 42 42
1054_0050_0040_0043_0043.jpg 1 50 40 43 43
1055_0019_0008_0068_0068.jpg 1 19 8 68 68
1056_0033_0031_0058_0058.jpg 1 33 31 58 58
1057_0045_0038_0034_0034.jpg 1 45 38 34 34
1058_0014_0014_0069_0069.jpg 1 14 14 69 69
1059_0038_0045_0033_0033.jpg 1 38 45 33 33
1060_0025_0020_0056_0056.jpg 1 25 20 56 56
1061_0022_0011_0069_0069.jpg 1 22 11 69 69
1062_0012_0031_0048_0048.jpg 1 12 31 48 48
1063_0020_0028_0058_0058.jpg 1 20 28 58 58
1064_0026_0021_0060_0060.jpg 1 26 21 60 60
1065_0024_0009_0062_0062.jpg 1 24 9 62 62
1066_0029_0025_0040_0040.jpg 1 29 25 40 40
1067_0004_0028_0060_0060.jpg 1 4 28 60 60
1068_0020_0062_0030_0030.jpg 1 20 62 30 30
1069_0027_0028_0045_0045.jpg 1 27 28 45 45
1070_0052_0008_0033_0033.jpg 1 52 8 33 33
1071_0035_0017_0056_0056.jpg 1 35 17 56 56
1072_0027_0018_0057_0057.jpg 1 27 18 57 57
1073_0006_0020_0051_0051.jpg 1 6 20 51 51
1074_0019_0041_0028_0028.jpg 1 19 41 28 28
1075_0018_0044_0048_0048.jpg 1 18 44 48 48
1076_0013_0011_0064_0064.jpg 1 13 11 64 64
1077_0053_0041_0027_0027.jpg 1 53 41 27 27
1078_0014_0017_0065_0065.jpg 1 14 17 65 65
1079_0033_0041_0046_0046.jpg 1 33 41 46 46
1080_0034_0015_0037_0037.jpg 1 34 15 37 37
1081_0020_0044_0044_0044.jpg 1 20 44 44 44
1082_0036_0025_0034_0034.jpg 1 36 25 34 34
1083_0035_0028_0052_0052.jpg 1 35 28 52 52
1084_0012_0046_0026_0026.jpg 1 12 46 26 26
1085_0011_0023_0038_0038.jpg 1 11 23 38 38
1086_0043_0041_0048_0048.jpg 1 43 41 48 48
1087_0033_0028_0030_0030.jpg 1 33 28 30 30
1088_0058_0010_0035_0035.jpg 1 58 10 35 35
1089_0003_0024_0065_0065.jpg 1 3 24 65 65
1090_0031_0012_0062_0062.jpg 1 31 12 62 62
1091_0058_0040_0034_0034.jpg 1 58 40 34 34
1092_0015_0041_0039_0039.jpg 1 15 41 39 39
1093_0021_0060_0029_0029.jpg 1 21 60 29 29
1094_0044_0026_0044_0044.jpg 1 44 26 44 44
1095_0030_0048_0037_0037.jpg 1 30 48 37 37
1096_0017_0011_0059_0059.jpg 1 17 11 59 59
1097_0026_0012_0065_0065.jpg 1 26 12 65 65
1098_0056_0047_0034_0034.jpg 1 56 47 34 34
1099_0063_0040_0026_0026.jpg 1 63 40 26 26
1100_0014_0007_0033_0033.jpg 1 14 7 33 33
1101_0035_0018_0055_0055.jpg 1 35 18 55 55
1102_0021_0015_0069_0069.jpg 1 21 15 69 69
1103_0013_0039_0054_0054.jpg 1 13 39 54 54
1104_0043_0043_0050_0050.jpg 1 43 43 50 50
1105_0046_0053_0039_0039.jpg 1 46 53 39 39
1106_0008_0043_0048_0048.jpg 1 8 43 48 48
1107_0013_0027_0037_0037.jpg 1 13 27 37 37
1108_0050_0036_0026_0026.jpg 1 50 36 26 26
1109_0025_0023_0068_0068.jpg 1 25 23 68 68
1110_0031_0045_0033_0033.jpg 1 31 45 33 33
1111_0011_0040_0032_0032.jpg 1 11 40 32 32
1112_0046_0026_0044_0044.jpg 1 46 26 44 44
1113_0038_0022_0057_0057.jpg 1 38 22 57 57
1114_0014_0055_0033_0033.jpg 1 14 55 33 33
1115_0027_0022_0059_0059.jpg 1 27 22 59 59
1116_0039_0015_0053_0053.jpg 1 39 15 53 53
1117_0046_0019_0048_0048.jpg 1 46 19 48 48
1118_0017_0017_0064_0064.jpg 1 17 17 64 64
1119_0009_0025_0069_0069.jpg 1 9 25 69 69
1120_0008_0007_0063_0063.jpg 1 8 7 63 63
1121_0023_0025_0050_0050.jpg 1 23 25 50 50
1122_0036_0057_0034_0034.jpg 1 36 57 34 34
1123_0038_0036_0037_0037.jpg 1 38 36 37 37
1124_0012_0010_0066_0066.jpg 1 12 10 66 66
1125_0021_0051_0033_0033.jpg 1 21 51 33 33
1126_0041_0037_0031_0031.jpg 1 41 37 31 31
1127_0021_0055_0025_0025.jpg 1 21 55 25 25
1128_0043_0022_0037_0037.jpg 1 43 22 37 37
1129_0026_0032_0057_0057.jpg 1 26 32 57 57
1130_0017_0033_0050_0050.jpg 1 17 33 50 50
1131_0038_0011_0048_0048.jpg 1 38 11 48 48
1132_0046_0048_0036_0036.jpg 1 46 48 36 36
1133_0017_0034_0056_0056.jpg 1 17 34 56 56
1134_0011_0039_0025_0025.jpg 1 11 39 25 25
1135_0026_0018_0050_0050.jpg 1 26 18 50 50
1136_0057_0010_0028_0028.jpg 1 57 10 28 28
1137_0043_0026_0030_0030.jpg 1 43 26 30 30
1138_0046_0025_0039_0039.jpg 1 46 25 39 39
1139_0010_0029_0027_0027.jpg 1 10 29 27 27
1140_0034_0028_0061_0061.jpg 1 34 28 61 61
1141_0012_0030_0057_0057.jpg 1 12 30 57 57
1142_0025_0035_0049_0049.jpg 1 25 35 49 49
1143_0037_0005_0051_0051.jpg 1 37 5 51 51
1144_0018_0007_0058_0058.jpg 1 18 7 58 58
1145_0016_0030_0027_0027.jpg 1 16 30 27 27
1146_0008_0041_0051_0051.jpg 1 8 41 51 51
1147_0013_0016_0049_0049.jpg 1 13 16 49 49
1148_0051_0036_0041_0041.jpg 1 51 36 41 41
1149_0058_0044_0034_0034.jpg 1 58 44 34 34
1150_0042_0028_0024_0024.jpg 1 42 28 24 24
1151_0015_0051_0029_0029.jpg 1 15 51 29 29
1152_0023_0027_0046_0046.jpg 1 23 27 46 46
1153_0009_0005_0061_0061.jpg 1 9 5 61 61
1154_0033_0027_0063_0063.jpg 1 33 27 63 63
1155_0041_0037_0028_0028.jpg 1 41 37 28 28
1156_0026_0032_0030_0030.jpg 1 26 32 30 30
1157_0055_0043_0030_0030.jpg 1 55 43 30 30
1158_0014_0043_0035_0035.jpg 1 14 43 35 35
1159_0013_0026_0050_0050.jpg 1 13 26 50 50
1160_0030_0020_0059_0059.jpg 1 30 20 59 59
1161_0024_0005_0067_0067.jpg 1 24 5 67 67
1162_0050_0044_0027_0027.jpg 1 50 44 27 27
1163_0007_0025_0053_0053.jpg 1 7 25 53 53
1164_0023_0022_0051_0051.jpg 1 23 22 51 51
1165_0017_0019_0052_0052.jpg 1 17 19 52 52
1166_0040_0019_0036_0036.jpg 1 40 19 36 36
1167_0060_0029_0031_0031.jpg 1 60 29 31 31
1168_0036_0006_0047_0047.jpg 1 36 6 47 47
1169_0055_0058_0024_0024.jpg 1 55 58 24 24
1170_0013_0033_0056_0056.jpg 1 13 33 56 56
1171_0039_0039_0025_0025.jpg 1 39 39 25 25
1172_0032_0027_0035_0035.jpg 1 32 27 35 35
1173_0065_0020_0024_0024.jpg 1 65 20 24 24
1174_0024_0051_0026_0026.jpg 1 24 51 26 26
1175_0021_0004_0058_0058.jpg 1 21 4 58 58
1176_0005_0009_0067_0067.jpg 1 5 9 67 67
1177_0037_0020_0032_0032.jpg 1 37 20 32 32
1178_0034_0045_0026_0026.jpg 1 34 45 26 26
1179_0020_0013_0055_0055.jpg 1 20 13 55 55
1180_0004_0017_0066_0066.jpg 1 4 17 66 66
1181_0018_0013_0026_0026.jpg 1 18 13 26 26
1182_0038_0013_0040_0040.jpg 1 38 13 40 40
1183_0026_0010_0039_0039.jpg 1 26 10 39 39
1184_0025_0028_0063_0063.jpg 1 25 28 63 63
1185_0047_0020_0024_0024.jpg 1 47 20 24 24
1186_0015_0046_0040_0040.jpg 1 15 46 40 40
1187_0012_0057_0034_0034.jpg 1 12 57 34 34
1188_0027_0020_0032_0032.jpg 1 27 20 32 32
1189_0033_0029_0049_0049.jpg 1 33 29 49 49
1190_0044_0020_0044_0044.jpg 1 44 20 44 44
1191_0022_0024_0068_0068.jpg 1 22 24 68 68
1192_0011_0014_0069_0069.jpg 1 11 14 69 69
1193_0006_0010_0067_0067.jpg 1 6 10 67 67
1194_0018_0047_0041_0041.jpg 1 18 47 41 41
1195_0013_0015_0035_0035.jpg 1 13 15 35 35
1196_0045_0015_0047_0047.jpg 1 45 15 47 47
1197_0059_0061_0031_0031.jpg 1 59 61 31 31
1198_0029_0026_0064_0064.jpg 1 29 26 64 64
1199_0046_0031_0026_0026.jpg 1 46 31 26 26
1200_0016_0035_0038_0038.jpg 1 16 35 38 38
1201_0037_0028_0032_0032.jpg 1 37 28 32 32
1202_0021_0016_0055_0055.jpg 1 21 16 55 55
1203_0047_0028_0044_0044.jpg 1 47 28 44 44
1204_0007_0017_0065_0065.jpg 1 7 17 65 65
1205_0027_0011_0068_0068.jpg 1 27 11 68 68
1206_0061_0052_0026_0026.jpg 1 61 52 26 26
1207_0041_0042_0024_0024.jpg 1 41 42 24 24
1208_0043_0018_0050_0050.jpg 1 43 18 50 50
1209_0049_0030_0028_0028.jpg 1 49 30 28 28
1210_0030_0018_0049_0049.jpg 1 30 18 49 49
1211_0021_0054_0032_0032.jpg 1 21 54 32 32
1212_0052_0058_0032_0032.jpg 1 52 58 32 32
1213_0009_0022_0053_0053.jpg 1 9 22 53 53
1214_0023_0006_0069_0069.jpg 1 23 6 69 69
1215_0006_0024_0067_0067.jpg 1 6 24 67 67
1216_0036_0010_0039_0039.jpg 1 36 10 39 39
1217_0019_0037_0045_0045.jpg 1 19 37 45 45
1218_0024_0012_0051_0051.jpg 1 24 12 51 51
1219_0012_0018_0035_0035.jpg 1 12 18 35 35
1220_0012_0035_0051_0051.jpg 1 12 35 51 51
1221_0013_0028_0050_0050.jpg 1 13 28 50 50
1222_0013_0013_0069_0069.jpg 1 13 13 69 69
1223_0004_0023_0059_0059.jpg 1 4 23 59 59
1224_0022_0028_0056_0056.jpg 1 22 28 56 56
1225_0029_0012_0066_0066.jpg 1 29 12 66 66
1226_0035_0044_0035_0035.jpg 1 35 44 35 35
1227_0004_0026_0069_0069.jpg 1 4 26 69 69
1228_0015_0007_0064_0064.jpg 1 15 7 64 64
1229_0025_0038_0049_0049.jpg 1 25 38 49 49
1230_0019_0018_0047_0047.jpg 1 19 18 47 47
1231_0024_0013_0041_0041.jpg 1 24 13 41 41
1232_0049_0039_0029_0029.jpg 1 49 39 29 29
1233_0024_0047_0046_0046.jpg 1 24 47 46 46
1234_0017_0006_0058_0058.jpg 1 17 6 58 58
1235_0014_0004_0069_0069.jpg 1 14 4 69 69
1236_0043_0006_0047_0047.jpg 1 43 6 47 47
1237_0011_0006_0038_0038.jpg 1 11 6 38 38
1238_0052_0028_0038_0038.jpg 1 52 28 38 38
1239_0026_0008_0056_0056.jpg 1 26 8 56 56
1240_0003_0019_0068_0068.jpg 1 3 19 68 68
1241_0049_0032_0026_0026.jpg 1 49 32 26 26
1242_0032_0022_0050_0050.jpg 1 32 22 50 50
1243_0019_0029_0062_0062.jpg 1 19 29 62 62
1244_0023_0014_0068_0068.jpg 1 23 14 68 68
1245_0004_0014_0068_0068.jpg 1 4 14 68 68
1246_0021_0041_0054_0054.jpg 1 21 41 54 54
1247_0034_0034_0039_0039.jpg 1 34 34 39 39
1248_0024_0013_0063_0063.jpg 1 24 13 63 63
1249_0011_0032_0058_0058.jpg 1 11 32 58 58
1250_0009_0034_0046_0046.jpg 1 9 34 46 46
1251_0029_0020_0034_0034.jpg 1 29 20 34 34
1252_0025_0013_0056_0056.jpg 1 25 13 56 56
1253_0005_0018_0068_0068.jpg 1 5 18 68 68
1254_0017_0004_0065_0065.jpg 1 17 4 65 65
1255_0042_0022_0042_0042.jpg 1 42 22 42 42
1256_0035_0057_0032_0032.jpg 1 35 57 32 32
1257_0004_0027_0068_0068.jpg 1 4 27 68 68
1258_0016_0013_0063_0063.jpg 1 16 13 63 63
1259_0036_0042_0048_0048.jpg 1 36 42 48 48
1260_0016_0019_0033_0033.jpg 1 16 19 33 33
1261_0032_0044_0039_0039.jpg 1 32 44 39 39
1262_0023_0014_0030_0030.jpg 1 23 14 30 30
1263_0032_0028_0050_0050.jpg 1 32 28 50 50
1264_0059_0043_0032_0032.jpg 1 59 43 32 32
1265_0027_0014_0042_0042.jpg 1 27 14 42 42
1266_0038_0031_0032_0032.jpg 1 38 31 32 32
1267_0026_0029_0065_0065.jpg 1 26 29 65 65
1268_0019_0040_0046_0046.jpg 1 19 40 46 46
1269_0043_0042_0042_0042.jpg 1 43 42 42 42
1270_0059_0022_0025_0025.jpg 1 59 22 25 25
1271_0031_0024_0031_0031.jpg 1 31 24 31 31
1272_0007_0011_0028_0028.jpg 1 7 11 28 28
1273_0021_0016_0063_0063.jpg 1 21 16 63 63
1274_0039_0011_0056_0056.jpg 1 39 11 56 56
1275_0022_0022_0069_0069.jpg 1 22 22 69 69
1276_0060_0018_0024_0024.jpg 1 60 18 24 24
1277_0051_0018_0041_0041.jpg 1 51 18 41 41
1278_0010_0009_0066_0066.jpg 1 10 9 66 66
1279_0019_0043_0048_0048.jpg 1 19 43 48 48
1280_0036_0035_0045_0045.jpg 1 36 35 45 45
1281_0042_0033_0051_0051.jpg 1 42 33 51 51
1282_0015_0045_0043_0043.jpg 1 15 45 43 43
1283_0044_0032_0032_0032.jpg 1 44 32 32 32
1284_0018_0030_0064_0064.jpg 1 18 30 64 64
1285_0017_0029_0030_0030.jpg 1 17 29 30 30
1286_0038_0017_0053_0053.jpg 1 38 17 53 53
1287_0006_0050_0035_0035.jpg 1 6 50 35 35
1288_0015_0005_0064_0064.jpg 1 15 5 64 64
1289_0014_0028_0046_0046.jpg 1 14 28 46 46
1290_0016_0008_0066_0066.jpg 1 16 8 66 66
1291_0040_0034_0049_0049.jpg 1 40 34 49 49
1292_0031_0036_0054_0054.jpg 1 31 36 54 54
1293_0025_0037_0045_0045.jpg 1 25 37 45 45
1294_0034_0013_0059_0059.jpg 1 34 13 59 59
1295_0041_0050_0037_0037.jpg 1 41 50 37 37
1296_0033_0010_0052_0052.jpg 1 33 10 52 52
1297_0028_0042_0046_0046.jpg 1 28 42 46 46
1298_0033_0013_0051_0051.jpg 1 33 13 51 51
1299_0017_0011_0045_0045.jpg 1 17 11 45 45
1300_0028_0034_0059_0059.jpg 1 28 34 59 59
1301_0041_0045_0047_0047.jpg 1 41 45 47 47
1302_0044_0034_0047_0047.jpg 1 44 34 47 47
1303_0008_0024_0058_0058.jpg 1 8 24 58 58
1304_0019_0018_0025_0025.jpg 1 19 18 25 25
1305_0037_0062_0027_0027.jpg 1 37 62 27 27
1306_0018_0009_0054_0054.jpg 1 18 9 54 54
1307_0013_0018_0037_0037.jpg 1 13 18 37 37
1308_0012_0025_0065_0065.jpg 1 12 25 65 65
1309_0008_0024_0054_0054.jpg 1 8 24 54 54
1310_0052_0047_0036_0036.jpg 1 52 47 36 36
1311_0057_0040_0028_0028.jpg 1 57 40 28 28
1312_0015_0014_0062_0062.jpg 1 15 14 62 62
1313_0044_0010_0047_0047.jpg 1 44 10 47 47
1314_0048_0039_0042_0042.jpg 1 48 39 42 42
1315_0005_0023_0067_0067.jpg 1 5 23 67 67
1316_0029_0006_0065_0065.jpg 1 29 6 65 65
1317_0008_0034_0034_0034.jpg 1 8 34 34 34
1318_0006_0009_0037_0037.jpg 1 6 9 37 37
1319_0010_0039_0045_0045.jpg 1 10 39 45 45
1320_0019_0017_0066_0066.jpg 1 19 17 66 66
1321_0030_0023_0032_0032.jpg 1 30 23 32 32
1322_0048_0043_0027_0027.jpg 1 48 43 27 27
1323_0049_0015_0029_0029.jpg 1 49 15 29 29
1324_0023_0022_0066_0066.jpg 1 23 22 66 66
1325_0052_0048_0029_0029.jpg 1 52 48 29 29
1326_0051_0016_0040_0040.jpg 1 51 16 40 40
1327_0019_0017_0068_0068.jpg 1 19 17 68 68
1328_0055_0044_0034_0034.jpg 1 55 44 34 34
1329_0055_0047_0031_0031.jpg 1 55 47 31 31
1330_0018_0034_0051_0051.jpg 1 18 34 51 51
1331_0009_0034_0039_0039.jpg 1 9 34 39 39
1332_0010_0027_0067_0067.jpg 1 10 27 67 67
1333_0035_0008_0052_0052.jpg 1 35 8 52 52
1334_0005_0016_0053_0053.jpg 1 5 16 53 53
1335_0059_0022_0028_0028.jpg 1 59 22 28 28
1336_0036_0035_0054_0054.jpg 1 36 35 54 54
1337_0061_0015_0025_0025.jpg 1 61 15 25 25
1338_0024_0025_0063_0063.jpg 1 24 25 63 63
1339_0028_0026_0057_0057.jpg 1 28 26 57 57
1340_0029_0019_0026_0026.jpg 1 29 19 26 26
1341_0020_0021_0062_0062.jpg 1 20 21 62 62
1342_0037_0026_0027_0027.jpg 1 37 26 27 27
1343_0013_0041_0026_0026.jpg 1 13 41 26 26
1344_0017_0030_0062_0062.jpg 1 17 30 62 62
1345_0015_0007_0065_0065.jpg 1 15 7 65 65
1346_0030_0016_0059_0059.jpg 1 30 16 59 59
1347_0010_0048_0040_0040.jpg 1 10 48 40 40
1348_0015_0022_0047_0047.jpg 1 15 22 47 47
1349_0022_0024_0067_0067.jpg 1 22 24 67 67
1350_0030_0041_0049_0049.jpg 1 30 41 49 49
1351_0038_0005_0052_0052.jpg 1 38 5 52 52
1352_0010_0033_0046_0046.jpg 1 10 33 46 46
1353_0033_0016_0048_0048.jpg 1 33 16 48 48
1354_0011_0006_0068_0068.jpg 1 11 6 68 68
1355_0031_0045_0046_0046.jpg 1 31 45 46 46
1356_0016_0029_0050_0050.jpg 1 16 29 50 50
1357_0030_0010_0061_0061.jpg 1 30 10 61 61
1358_0018_0024_0056_0056.jpg 1 18 24 56 56
1359_0020_0039_0050_0050.jpg 1 20 39 50 50
1360_0017_0008_0051_0051.jpg 1 17 8 51 51
1361_0006_0010_0045_0045.jpg 1 6 10 45 45
1362_0026_0010_0056_0056.jpg 1 26 10 56 56
1363_0017_0014_0038_0038.jpg 1 17 14 38 38
1364_0028_0006_0065_0065.jpg 1 28 6 65 65
1365_0020_0020_0049_0049.jpg 1 20 20 49 49
1366_0009_0031_0057_0057.jpg 1 9 31 57 57
1367_0031_0016_0064_0064.jpg 1 31 16 64 64
1368_0023_0004_0060_0060.jpg 1 23 4 60 60
1369_0041_0014_0032_0032.jpg 1 41 14 32 32
1370_0038_0040_0032_0032.jpg 1 38 40 32 32
1371_0031_0045_0042_0042.jpg 1 31 45 42 42
1372_0016_0037_0044_0044.jpg 1 16 37 44 44
1373_0023_0008_0068_0068.jpg 1 23 8 68 68
1374_0043_0019_0030_0030.jpg 1 43 19 30 30
1375_0030_0041_0043_0043.jpg 1 30 41 43 43
1376_0017_0035_0037_0037.jpg 1 17 35 37 37
1377_0019_0036_0051_0051.jpg 1 19 36 51 51
1378_0011_0029_0061_0061.jpg 1 11 29 61 61
1379_0016_0048_0037_0037.jpg 1 16 48 37 37
1380_0049_0051_0042_0042.jpg 1 49 51 42 42
1381_0015_0043_0041_0041.jpg 1 15 43 41 41
1382_0028_0017_0063_0063.jpg 1 28 17 63 63
1383_0014_0052_0039_0039.jpg 1 14 52 39 39
1384_0035_0037_0057_0057.jpg 1 35 37 57 57
1385_0021_0051_0035_0035.jpg 1 21 51 35 35
1386_0008_0023_0043_0043.jpg 1 8 23 43 43
1387_0007_0018_0069_0069.jpg 1 7 18 69 69
1388_0011_0023_0039_0039.jpg 1 11 23 39 39
1389_0027_0036_0054_0054.jpg 1 27 36 54 54
1390_0017_0024_0060_0060.jpg 1 17 24 60 60
1391_0007_0014_0065_0065.jpg 1 7 14 65 65
1392_0023_0006_0064_0064.jpg 1 23 6 64 64
1393_0021_0018_0066_0066.jpg 1 21 18 66 66
1394_0009_0024_0047_0047.jpg 1 9 24 47 47
1395_0009_0023_0063_0063.jpg 1 9 23 63 63
1396_0020_0011_0065_0065.jpg 1 20 11 65 65
1397_0041_0038_0053_0053.jpg 1 41 38 53 53
1398_0021_0013_0027_0027.jpg 1 21 13 27 27
1399_0053_0045_0027_0027.jpg 1 53 45 27 27
1400_0011_0019_0057_0057.jpg 1 11 19 57 57
1401_0006_0013_0069_0069.jpg 1 6 13 69 69
1402_0033_0024_0055_0055.jpg 1 33 24 55 55
1403_0011_0041_0052_0052.jpg 1 11 41 52 52
1404_0020_0012_0064_0064.jpg 1 20 12 64 64
1405_0016_0027_0068_0068.jpg 1 16 27 68 68
1406_0028_0027_0050_0050.jpg 1 28 27 50 50
1407_0021_0022_0039_0039.jpg 1 21 22 39 39
1408_0035_0037_0037_0037.jpg 1 35 37 37 37
1409_0037_0046_0033_0033.jpg 1 37 46 33 33
1410_0049_0038_0042_0042.jpg 1 49 38 42 42
1411_0007_0022_0058_0058.jpg 1 7 22 58 58
1412_0004_0027_0066_0066.jpg 1 4 27 66 66
1413_0014_0042_0036_0036.jpg 1 14 42 36 36
1414_0017_0029_0064_0064.jpg 1 17 29 64 64
1415_0022_0040_0040_0040.jpg 1 22 40 40 40
1416_0038_0009_0053_0053.jpg 1 38 9 53 53
1417_0025_0031_0037_0037.jpg 1 25 31 37 37
1418_0013_0042_0026_0026.jpg 1 13 42 26 26
1419_0008_0021_0063_0063.jpg 1 8 21 63 63
1420_0033_0030_0056_0056.jpg 1 33 30 56 56
1421_0009_0014_0048_0048.jpg 1 9 14 48 48
1422_0011_0025_0047_0047.jpg 1 11 25 47 47
1423_0010_0027_0057_0057.jpg 1 10 27 57 57
1424_0025_0030_0045_0045.jpg 1 25 30 45 45
1425_0011_0020_0061_0061.jpg 1 11 20 61 61
1426_0012_0029_0052_0052.jpg 1 12 29 52 52
1427_0043_0027_0041_0041.jpg 1 43 27 41 41
1428_0040_0018_0054_0054.jpg 1 40 18 54 54
1429_0011_0009_0069_0069.jpg 1 11 9 69 69
1430_0044_0014_0037_0037.jpg 1 44 14 37 37
1431_0036_0033_0035_0035.jpg 1 36 33 35 35
1432_0052_0047_0032_0032.jpg 1 52 47 32 32
1433_0024_0014_0040_0040.jpg 1 24 14 40 40
1434_0034_0033_0024_0024.jpg 1 34 33 24 24
1435_0042_0046_0029_0029.jpg 1 42 46 29 29
1436_0027_0013_0064_0064.jpg 1 27 13 64 64
1437_0027_0024_0069_0069.jpg 1 27 24 69 69
1438_0049_0019_0036_0036.jpg 1 49 19 36 36
1439_0008_0038_0044_0044.jpg 1 8 38 44 44
1440_0011_0022_0069_0069.jpg 1 11 22 69 69
1441_0036_0013_0033_0033.jpg 1 36 13 33 33
1442_0025_0013_0056_0056.jpg 1 25 13 56 56
1443_0011_0044_0028_0028.jpg 1 11 44 28 28
1444_0023_0017_0068_0068.jpg 1 23 17 68 68
1445_0006_0023_0046_0046.jpg 1 6 23 46 46
1446_0064_0055_0024_0024.jpg 1 64 55 24 24
1447_0058_0023_0031_0031.jpg 1 58 23 31 31
1448_0017_0064_0027_0027.jpg 1 17 64 27 27
1449_0010_0012_0037_0037.jpg 1 10 12 37 37
1450_0005_0033_0061_0061.jpg 1 5 33 61 61
1451_0022_0011_0061_0061.jpg 1 22 11 61 61
1452_0010_0004_0068_0068.jpg 1 10 4 68 68
1453_0014_0005_0065_0065.jpg 1 14 5 65 65
1454_0032_0011_0028_0028.jpg 1 32 11 28 28
1455_0057_0056_0030_0030.jpg 1 57 56 30 30
1456_0018_0016_0058_0058.jpg 1 18 16 58 58
1457_0010_0032_0036_0036.jpg 1 10 32 36 36
1458_0033_0058_0030_0030.jpg 1 33 58 30 30
1459_0011_0022_0068_0068.jpg 1 11 22 68 68
1460_0035_0013_0060_0060.jpg 1 35 13 60 60
1461_0045_0039_0047_0047.jpg 1 45 39 47 47
1462_0021_0016_0061_0061.jpg 1 21 16 61 61
1463_0013_0049_0044_0044.jpg 1 13 49 44 44
1464_0036_0060_0033_0033.jpg 1 36 60 33 33
1465_0006_0030_0054_0054.jpg 1 6 30 54 54
1466_0016_0009_0068_0068.jpg 1 16 9 68 68
1467_0053_0045_0041_0041.jpg 1 53 45 41 41
1468_0006_0023_0068_0068.jpg 1 6 23 68 68
1469_0059_0022_0026_0026.jpg 1 59 22 26 26
1470_0018_0029_0060_0060.jpg 1 18 29 60 60
1471_0033_0042_0040_0040.jpg 1 33 42 40 40
1472_0024_0010_0035_0035.jpg 1 24 10 35 35
1473_0017_0007_0039_0039.jpg 1 17 7 39 39
1474_0044_0063_0026_0026.jpg 1 44 63 26 26
1475_0040_0019_0044_0044.jpg 1 40 19 44 44
1476_0008_0007_0056_0056.jpg 1 8 7 56 56
1477_0055_0048_0034_0034.jpg 1 55 48 34 34
1478_0060_0017_0026_0026.jpg 1 60 17 26 26
1479_0037_0020_0050_0050.jpg 1 37 20 50 50
1480_0007_0048_0040_0040.jpg 1 7 48 40 40
1481_0020_0016_0057_0057.jpg 1 20 16 57 57
1482_0047_0046_0041_0041.jpg 1 47 46 41 41
1483_0030_0008_0055_0055.jpg 1 30 8 55 55
1484_0042_0033_0034_0034.jpg 1 42 33 34 34
1485_0031_0025_0053_0053.jpg 1 31 25 53 53
1486_0046_0038_0042_0042.jpg 1 46 38 42 42
1487_0012_0044_0049_0049.jpg 1 12 44 49 49
1488_0029_0009_0031_0031.jpg 1 29 9 31 31
1489_0019_0009_0069_0069.jpg 1 19 9 69 69
1490_0028_0009_0051_0051.jpg 1 28 9 51 51
1491_0008_0009_0069_0069.jpg 1 8 9 69 69
1492_0010_0006_0047_0047.jpg 1 10 6 47 47
1493_0020_0018_0065_0065.jpg 1 20 18 65 65
1494_0033_0007_0060_0060.jpg 1 33 7 60 60
1495_0008_0011_0045_0045.jpg 1 8 11 45 45
1496_0020_0008_0058_0058.jpg 1 20 8 58 58
1497_0008_0014_0060_0060.jpg 1 8 14 60 60
1498_0051_0059_0029_0029.jpg 1 51 59 29 29
1499_0026_0031_0062_0062.jpg 1 26 31 62 62
1500_0019_0039_0029_0029.jpg 1 19 39 29 29
1501_0014_0056_0035_0035.jpg 1 14 56 35 35
1502_0041_0036_0034_0034.jpg 1 41 36 34 34
1503_0019_0024_0067_0067.jpg 1 19 24 67 67
1504_0026_0030_0057_0057.jpg 1 26 30 57 57
1505_0018_0004_0066_0066.jpg 1 18 4 66 66
1506_0022_0024_0060_0060.jpg 1 22 24 60 60
1507_0008_0013_0045_0045.jpg 1 8 13 45 45
1508_0043_0022_0048_0048.jpg 1 43 22 48 48
1509_0063_0026_0027_0027.jpg 1 63 26 27 27
1510_0040_0031_0050_0050.jpg 1 40 31 50 50
1511_0021_0030_0040_0040.jpg 1 21 30 40 40
1512_0038_0039_0040_0040.jpg 1 38 39 40 40
1513_0019_0029_0046_0046.jpg 1 19 29 46 46
1514_0034_0006_0051_0051.jpg 1 34 6 51 51
1515_0037_0024_0057_0057.jpg 1 37 24 57 57
1516_0018_0027_0062_0062.jpg 1 18 27 62 62
1517_0009_0008_0043_0043.jpg 1 9 8 43 43
1518_0015_0009_0045_0045.jpg 1 15 9 45 45
1519_0057_0018_0032_0032.jpg 1 57 18 32 32
1520_0016_0008_0064_0064.jpg 1 16 8 64 64
1521_0028_0013_0063_0063.jpg 1 28 13 63 63
1522_0030_0026_0037_0037.jpg 1 30 26 37 37
1523_0016_0028_0066_0066.jpg 1 16 28 66 66
1524_0018_0025_0037_0037.jpg 1 18 25 37 37
1525_0042_0028_0026_0026.jpg 1 42 28 26 26
1526_0009_0043_0047_0047.jpg 1 9 43 47 47
1527_0030_0013_0042_0042.jpg 1 30 13 42 42
1528_0015_0008_0062_0062.jpg 1 15 8 62 62
1529_0055_0012_0036_0036.jpg 1 55 12 36 36
1530_0005_0033_0042_0042.jpg 1 5 33 42 42
1531_0016_0036_0034_0034.jpg 1 16 36 34 34
1532_0035_0020_0057_0057.jpg 1 35 20 57 57
1533_0014_0015_0040_0040.jpg 1 14 15 40 40
1534_0022_0026_0033_0033.jpg 1 22 26 33 33
1535_0028_0029_0062_0062.jpg 1 28 29 62 62
1536_0038_0037_0047_0047.jpg 1 38 37 47 47
1537_0030_0027_0055_0055.jpg 1 30 27 55 55
1538_0036_0007_0032_0032.jpg 1 36 7 32 32
1539_0041_0042_0027_0027.jpg 1 41 42 27 27
1540_0026_0027_0046_0046.jpg 1 26 27 46 46
1541_0027_0034_0046_0046.jpg 1 27 34 46 46
1542_0048_0051_0034_0034.jpg 1 48 51 34 34
1543_0018_0022_0062_0062.jpg 1 18 22 62 62
1544_0018_0022_0055_0055.jpg 1 18 22 55 55
1545_0030_0045_0040_0040.jpg 1 30 45 40 40
1546_0009_0008_0066_0066.jpg 1 9 8 66 66
1547_0010_0038_0030_0030.jpg 1 10 38 30 30
1548_0032_0010_0036_0036.jpg 1 32 10 36 36
1549_0027_0030_0051_0051.jpg 1 27 30 51 51
1550_0022_0011_0059_0059.jpg 1 22 11 59 59
1551_0009_0010_0069_0069.jpg 1 9 10 69 69
1552_0015_0032_0046_0046.jpg 1 15 32 46 46
1553_0013_0017_0067_0067.jpg 1 13 17 67 67
1554_0055_0061_0031_0031.jpg 1 55 61 31 31
1555_0015_0034_0047_0047.jpg 1 15 34 47 47
1556_0018_0027_0051_0051.jpg 1 18 27 51 51
1557_0051_0016_0032_0032.jpg 1 51 16 32 32
1558_0026_0018_0051_0051.jpg 1 26 18 51 51
1559_0025_0018_0038_0038.jpg 1 25 18 38 38
1560_0012_0021_0067_0067.jpg 1 12 21 67 67
1561_0013_0022_0031_0031.jpg 1 13 22 31 31
1562_0012_0053_0024_0024.jpg 1 12 53 24 24
1563_0009_0022_0029_0029.jpg 1 9 22 29 29
1564_0052_0041_0041_0041.jpg 1 52 41 41 41
1565_0024_0022_0060_0060.jpg 1 24 22 60 60
1566_0033_0023_0054_0054.jpg 1 33 23 54 54
1567_0061_0016_0027_0027.jpg 1 61 16 27 27
1568_0008_0016_0069_0069.jpg 1 8 16 69 69
1569_0034_0007_0037_0037.jpg 1 34 7 37 37
1570_0032_0006_0063_0063.jpg 1 32 6 63 63
1571_0036_0019_0044_0044.jpg 1 36 19 44 44
1572_0006_0009_0063_0063.jpg 1 6 9 63 63
1573_0013_0017_0064_0064.jpg 1 13 17 64 64
1574_0012_0014_0064_0064.jpg 1 12 14 64 64
1575_0009_0040_0046_0046.jpg 1 9 40 46 46
1576_0006_0017_0053_0053.jpg 1 6 17 53 53
1577_0036_0063_0028_0028.jpg 1 36 63 28 28
1578_0043_0029_0037_0037.jpg 1 43 29 37 37
1579_0054_0048_0038_0038.jpg 1 54 48 38 38
1580_0011_0022_0061_0061.jpg 1 11 22 61 61
1581_0012_0043_0048_0048.jpg 1 12 43 48 48
1582_0013_0017_0051_0051.jpg 1 13 17 51 51
1583_0010_0008_0042_0042.jpg 1 10 8 42 42
1584_0014_0014_0065_0065.jpg 1 14 14 65 65
1585_0042_0029_0045_0045.jpg 1 42 29 45 45
1586_0019_0009_0068_0068.jpg 1 19 9 68 68
1587_0053_0024_0027_0027.jpg 1 53 24 27 27
1588_0004_0013_0061_0061.jpg 1 4 13 61 61
1589_0052_0025_0032_0032.jpg 1 52 25 32 32
1590_0027_0021_0047_0047.jpg 1 27 21 47 47
1591_0016_0045_0041_0041.jpg 1 16 45 41 41
1592_0035_0048_0030_0030.jpg 1 35 48 30 30
1593_0008_0025_0043_0043.jpg 1 8 25 43 43
1594_0009_0018_0067_0067.jpg 1 9 18 67 67
1595_0023_0006_0062_0062.jpg 1 23 6 62 62
1596_0009_0016_0060_0060.jpg 1 9 16 60 60
1597_0027_0047_0043_0043.jpg 1 27 47 43 43
1598_0031_0018_0065_0065.jpg 1 31 18 65 65
1599_0008_0022_0065_0065.jpg 1 8 22 65 65
1600_0018_0032_0040_0040.jpg 1 18 32 40 40
1601_0015_0052_0030_0030.jpg 1 15 52 30 30
1602_0036_0012_0032_0032.jpg 1 36 12 32 32
1603_0011_0024_0036_0036.jpg 1 11 24 36 36
1604_0051_0015_0030_0030.jpg 1 51 15 30 30
1605_0020_0028_0068_0068.jpg 1 20 28 68 68
1606_0006_0011_0063_0063.jpg 1 6 11 63 63
1607_0022_0017_0067_0067.jpg 1 22 17 67 67
1608_0037_0029_0048_0048.jpg 1 37 29 48 48
1609_0049_0051_0039_0039.jpg 1 49 51 39 39
1610_0030_0041_0029_0029.jpg 1 30 41 29 29
1611_0014_0005_0068_0068.jpg 1 14 5 68 68
1612_0046_0010_0045_0045.jpg 1 46 10 45 45
1613_0021_0005_0060_0060.jpg 1 21 5 60 60
1614_0038_0038_0043_0043.jpg 1 38 38 43 43
1615_0016_0040_0040_0040.jpg 1 16 40 40 40
1616_0025_0017_0051_0051.jpg 1 25 17 51 51
1617_0005_0019_0065_0065.jpg 1 5 19 65 65
1618_0032_0045_0031_0031.jpg 1 32 45 31 31
1619_0009_0041_0046_0046.jpg 1 9 41 46 46
1620_0023_0026_0068_0068.jpg 1 23 26 68 68
1621_0045_0029_0033_0033.jpg 1 45 29 33 33
1622_0011_0019_0058_0058.jpg 1 11 19 58 58
1623_0015_0006_0048_0048.jpg 1 15 6 48 48
1624_0018_0021_0067_0067.jpg 1 18 21 67 67
1625_0029_0010_0061_0061.jpg 1 29 10 61 61
1626_0045_0010_0038_0038.jpg 1 45 10 38 38
1627_0038_0037_0054_0054.jpg 1 38 37 54 54
1628_0055_0040_0027_0027.jpg 1 55 40 27 27
1629_0013_0005_0055_0055.jpg 1 13 5 55 55
1630_0053_0017_0025_0025.jpg 1 53 17 25 25
1631_0022_0040_0053_0053.jpg 1 22 40 53 53
1632_0062_0009_0028_0028.jpg 1 62 9 28 28
1633_0044_0006_0036_0036.jpg 1 44 6 36 36
1634_0052_0026_0025_0025.jpg 1 52 26 25 25
1635_0043_0008_0028_0028.jpg 1 43 8 28 28
1636_0048_0055_0029_0029.jpg 1 48 55 29 29
1637_0005_0033_0062_0062.jpg 1 5 33 62 62
1638_0027_0029_0063_0063.jpg 1 27 29 63 63
1639_0010_0009_0047_0047.jpg 1 10 9 47 47
1640_0036_0032_0031_0031.jpg 1 36 32 31 31
1641_0020_0048_0042_0042.jpg 1 20 48 42 42
1642_0061_0039_0029_0029.jpg 1 61 39 29 29
1643_0050_0009_0031_0031.jpg 1 50 9 31 31
1644_0048_0023_0031_0031.jpg 1 48 23 31 31
1645_0032_0018_0054_0054.jpg 1 32 18 54 54
1646_0007_0036_0057_0057.jpg 1 7 36 57 57
1647_0020_0014_0043_0043.jpg 1 20 14 43 43
1648_0010_0021_0049_0049.jpg 1 10 21 49 49
1649_0019_0008_0052_0052.jpg 1 19 8 52 52
1650_0043_0030_0032_0032.jpg 1 43 30 32 32
1651_0006_0032_0058_0058.jpg 1 6 32 58 58
1652_0049_0023_0036_0036.jpg 1 49 23 36 36
1653_0028_0008_0054_0054.jpg 1 28 8 54 54
1654_0008_0029_0033_0033.jpg 1 8 29 33 33
1655_0051_0031_0031_0031.jpg 1 51 31 31 31
1656_0027_0029_0039_0039.jpg 1 27 29 39 39
1657_0022_0019_0067_0067.jpg 1 22 19 67 67
1658_0025_0019_0063_0063.jpg 1 25 19 63 63
1659_0020_0023_0066_0066.jpg 1 20 23 66 66
1660_0011_0004_0054_0054.jpg 1 11 4 54 54
1661_0017_0043_0042_0042.jpg 1 17 43 42 42
1662_0038_0063_0028_0028.jpg 1 38 63 28 28
1663_0024_0030_0064_0064.jpg 1 24 30 64 64
1664_0027_0015_0045_0045.jpg 1 27 15 45 45
1665_0012_0024_0040_0040.jpg 1 12 24 40 40
1666_0011_0033_0027_0027.jpg 1 11 33 27 27
1667_0043_0012_0036_0036.jpg 1 43 12 36 36
1668_0013_0048_0039_0039.jpg 1 13 48 39 39
1669_0015_0035_0031_0031.jpg 1 15 35 31 31
1670_0043_0029_0051_0051.jpg 1 43 29 51 51
1671_0031_0005_0052_0052.jpg 1 31 5 52 52
1672_0026_0016_0040_0040.jpg 1 26 16 40 40
1673_0008_0014_0042_0042.jpg 1 8 14 42 42
1674_0050_0059_0024_0024.jpg 1 50 59 24 24
1675_0058_0017_0024_0024.jpg 1 58 17 24 24
1676_0026_0037_0053_0053.jpg 1 26 37 53 53
1677_0016_0027_0062_0062.jpg 1 16 27 62 62
1678_0055_0009_0030_0030.jpg 1 55 9 30 30
1679_0021_0009_0049_0049.jpg 1 21 9 49 49
1680_0046_0016_0034_0034.jpg 1 46 16 34 34
1681_0062_0015_0028_0028.jpg 1 62 15 28 28
1682_0008_0063_0025_0025.jpg 1 8 63 25 25
1683_0047_0019_0045_0045.jpg 1 47 19 45 45
1684_0049_0054_0037_0037.jpg 1 49 54 37 37
1685_0019_0030_0055_0055.jpg 1 19 30 55 55
1686_0021_0031_0057_0057.jpg 1 21 31 57 57
1687_0011_0018_0053_0053.jpg 1 11 18 53 53
1688_0044_0046_0035_0035.jpg 1 44 46 35 35
1689_0043_0049_0042_0042.jpg 1 43 49 42 42
1690_0037_0005_0047_0047.jpg 1 37 5 47 47
1691_0023_0048_0045_0045.jpg 1 23 48 45 45
1692_0029_0029_0067_0067.jpg 1 29 29 67 67
1693_0008_0005_0060_0060.jpg 1 8 5 60 60
1694_0012_0017_0046_0046.jpg 1 12 17 46 46
1695_0023_0004_0069_0069.jpg 1 23 4 69 69
1696_0023_0041_0037_0037.jpg 1 23 41 37 37
1697_0018_0036_0039_0039.jpg 1 18 36 39 39
1698_0036_0021_0040_0040.jpg 1 36 21 40 40
1699_0046_0036_0038_0038.jpg 1 46 36 38 38
1700_0035_0008_0053_0053.jpg 1 35 8 53 53
1701_0045_0030_0029_0029.jpg 1 45 30 29 29
1702_0013_0043_0043_0043.jpg 1 13 43 43 43
1703_0021_0022_0062_0062.jpg 1 21 22 62 62
1704_0024_0034_0059_0059.jpg 1 24 34 59 59
1705_0024_0035_0057_0057.jpg 1 24 35 57 57
1706_0015_0034_0057_0057.jpg 1 15 34 57 57
1707_0035_0052_0030_0030.jpg 1 35 52 30 30
1708_0037_0036_0054_0054.jpg 1 37 36 54 54
1709_0046_0059_0029_0029.jpg 1 46 59 29 29
1710_0024_0007_0050_0050.jpg 1 24 7 50 50
1711_0008_0006_0063_0063.jpg 1 8 6 63 63
1712_0022_0009_0038_0038.jpg 1 22 9 38 38
1713_0010_0007_0044_0044.jpg 1 10 7 44 44
1714_0016_0031_0047_0047.jpg 1 16 31 47 47
1715_0022_0040_0034_0034.jpg 1 22 40 34 34
1716_0046_0038_0036_0036.jpg 1 46 38 36 36
1717_0016_0029_0044_0044.jpg 1 16 29 44 44
1718_0018_0016_0036_0036.jpg 1 18 16 36 36
1719_0042_0021_0043_0043.jpg 1 42 21 43 43
1720_0021_0011_0068_0068.jpg 1 21 11 68 68
1721_0024_0019_0033_0033.jpg 1 24 19 33 33
1722_0046_0017_0031_0031.jpg 1 46 17 31 31
1723_0009_0007_0069_0069.jpg 1 9 7 69 69
1724_0032_0048_0044_0044.jpg 1 32 48 44 44
1725_0030_0019_0053_0053.jpg 1 30 19 53 53
1726_0030_0014_0057_0057.jpg 1 30 14 57 57
1727_0034_0020_0060_0060.jpg 1 34 20 60 60
1728_0029_0025_0024_0024.jpg 1 29 25 24 24
1729_0040_0015_0028_0028.jpg 1 40 15 28 28
1730_0005_0007_0044_0044.jpg 1 5 7 44 44
1731_0011_0023_0042_0042.jpg 1 11 23 42 42
1732_0011_0009_0043_0043.jpg 1 11 9 43 43
1733_0008_0016_0036_0036.jpg 1 8 16 36 36
1734_0022_0017_0036_0036.jpg 1 22 17 36 36
1735_0047_0047_0035_0035.jpg 1 47 47 35 35
1736_0030_0053_0038_0038.jpg 1 30 53 38 38
1737_0052_0009_0029_0029.jpg 1 52 9 29 29
1738_0022_0028_0036_0036.jpg 1 22 28 36 36
1739_0038_0053_0035_0035.jpg 1 38 53 35 35
1740_0010_0037_0039_0039.jpg 1 10 37 39 39
1741_0025_0048_0033_0033.jpg 1 25 48 33 33
1742_0046_0019_0045_0045.jpg 1 46 19 45 45
1743_0007_0007_0066_0066.jpg 1 7 7 66 66
1744_0026_0029_0064_0064.jpg 1 26 29 64 64
1745_0006_0007_0063_0063.jpg 1 6 7 63 63
1746_0011_0010_0056_0056.jpg 1 11 10 56 56
1747_0011_0042_0039_0039.jpg 1 11 42 39 39
1748_0024_0020_0052_0052.jpg 1 24 20 52 52
1749_0011_0024_0042_0042.jpg 1 11 24 42 42
1750_0049_0031_0037_0037.jpg 1 49 31 37 37
1751_0028_0060_0025_0025.jpg 1 28 60 25 25
1752_0020_0011_0059_0059.jpg 1 20 11 59 59
1753_0024_0032_0061_0061.jpg 1 24 32 61 61
1754_0033_0032_0032_0032.jpg 1 33 32 32 32
1755_0032_0010_0027_0027.jpg 1 32 10 27 27
1756_0008_0027_0064_0064.jpg 1 8 27 64 64
1757_0026_0023_0061_0061.jpg 1 26 23 61 61
1758_0024_0023_0033_0033.jpg 1 24 23 33 33
1759_0029_0037_0048_0048.jpg 1 29 37 48 48
1760_0031_0027_0035_0035.jpg 1 31 27 35 35
1761_0046_0045_0036_0036.jpg 1 46 45 36 36
1762_0008_0023_0058_0058.jpg 1 8 23 58 58
1763_0006_0041_0054_0054.jpg 1 6 41 54 54
1764_0006_0006_0063_0063.jpg 1 6 6 63 63
1765_0025_0021_0044_0044.jpg 1 25 21 44 44
1766_0040_0028_0035_0035.jpg 1 40 28 35 35
1767_0026_0027_0069_0069.jpg 1 26 27 69 69
1768_0033_0034_0051_0051.jpg 1 33 34 51 51
1769_0028_0056_0037_0037.jpg 1 28 56 37 37
1770_0019_0013_0044_0044.jpg 1 19 13 44 44
1771_0020_0011_0066_0066.jpg 1 20 11 66 66
1772_0016_0038_0052_0052.jpg 1 16 38 52 52
1773_0012_0054_0036_0036.jpg 1 12 54 36 36
1774_0012_0025_0068_0068.jpg 1 12 25 68 68
1775_0010_0011_0063_0063.jpg 1 10 11 63 63
1776_0029_0051_0027_0027.jpg 1 29 51 27 27
1777_0025_0008_0063_0063.jpg 1 25 8 63 63
1778_0033_0019_0051_0051.jpg 1 33 19 51 51
1779_0016_0019_0025_0025.jpg 1 16 19 25 25
1780_0016_0015_0061_0061.jpg 1 16 15 61 61
1781_0040_0029_0049_0049.jpg 1 40 29 49 49
1782_0015_0012_0049_0049.jpg 1 15 12 49 49
1783_0014_0027_0064_0064.jpg 1 14 27 64 64
1784_0004_0018_0063_0063.jpg 1 4 18 63 63
1785_0019_0020_0066_0066.jpg 1 19 20 66 66
1786_0027_0026_0044_0044.jpg 1 27 26 44 44
1787_0011_0025_0063_0063.jpg 1 11 25 63 63
1788_0045_0014_0041_0041.jpg 1 45 14 41 41
1789_0033_0017_0058_0058.jpg 1 33 17 58 58
1790_0034_0044_0050_0050.jpg 1 34 44 50 50
1791_0018_0024_0065_0065.jpg 1 18 24 65 65
1792_0024_0016_0066_0066.jpg 1 24 16 66 66
1793_0063_0050_0029_0029.jpg 1 63 50 29 29
1794_0024_0041_0047_0047.jpg 1 24 41 47 47
1795_0008_0024_0062_0062.jpg 1 8 24 62 62
1796_0032_0024_0036_0036.jpg 1 32 24 36 36
1797_0029_0057_0029_0029.jpg 1 29 57 29 29
1798_0036_0010_0046_0046.jpg 1 36 10 46 46
1799_0008_0018_0045_0045.jpg 1 8 18 45 45
1800_0028_0041_0039_0039.jpg 1 28 41 39 39
1801_0033_0040_0053_0053.jpg 1 33 40 53 53
1802_0042_0020_0052_0052.jpg 1 42 20 52 52
1803_0010_0011_0063_0063.jpg 1 10 11 63 63
1804_0008_0006_0052_0052.jpg 1 8 6 52 52
1805_0033_0022_0048_0048.jpg 1 33 22 48 48
1806_0030_0028_0063_0063.jpg 1 30 28 63 63
1807_0022_0037_0053_0053.jpg 1 22 37 53 53
1808_0029_0013_0063_0063.jpg 1 29 13 63 63
1809_0042_0012_0046_0046.jpg 1 42 12 46 46
1810_0030_0033_0049_0049.jpg 1 30 33 49 49
1811_0019_0017_0035_0035.jpg 1 19 17 35 35
1812_0010_0031_0063_0063.jpg 1 10 31 63 63
1813_0021_0026_0055_0055.jpg 1 21 26 55 55
1814_0026_0036_0043_0043.jpg 1 26 36 43 43
1815_0009_0025_0048_0048.jpg 1 9 25 48 48
1816_0039_0014_0051_0051.jpg 1 39 14 51 51
1817_0032_0024_0058_0058.jpg 1 32 24 58 58
1818_0046_0058_0027_0027.jpg 1 46 58 27 27
1819_0009_0008_0064_0064.jpg 1 9 8 64 64
1820_0039_0038_0044_0044.jpg 1 39 38 44 44
1821_0041_0046_0045_0045.jpg 1 41 46 45 45
1822_0010_0016_0068_0068.jpg 1 10 16 68 68
1823_0015_0040_0033_0033.jpg 1 15 40 33 33
1824_0015_0044_0040_0040.jpg 1 15 44 40 40
1825_0025_0027_0038_0038.jpg 1 25 27 38 38
1826_0040_0008_0036_0036.jpg 1 40 8 36 36
1827_0036_0047_0035_0035.jpg 1 36 47 35 35
1828_0021_0029_0055_0055.jpg 1 21 29 55 55
1829_0031_0031_0056_0056.jpg 1 31 31 56 56
1830_0015_0046_0044_0044.jpg 1 15 46 44 44
1831_0007_0010_0065_0065.jpg 1 7 10 65 65
1832_0029_0015_0042_0042.jpg 1 29 15 42 42
1833_0018_0030_0063_0063.jpg 1 18 30 63 63
1834_0049_0042_0038_0038.jpg 1 49 42 38 38
1835_0035_0035_0046_0046.jpg 1 35 35 46 46
1836_0004_0033_0061_0061.jpg 1 4 33 61 61
1837_0010_0041_0034_0034.jpg 1 10 41 34 34
1838_0027_0044_0040_0040.jpg 1 27 44 40 40
1839_0024_0012_0029_0029.jpg 1 24 12 29 29
1840_0036_0009_0050_0050.jpg 1 36 9 50 50
1841_0026_0019_0047_0047.jpg 1 26 19 47 47
1842_0037_0027_0057_0057.jpg 1 37 27 57 57
1843_0032_0027_0031_0031.jpg 1 32 27 31 31
1844_0008_0011_0056_0056.jpg 1 8 11 56 56
1845_0011_0016_0051_0051.jpg 1 11 16 51 51
1846_0009_0028_0026_0026.jpg 1 9 28 26 26
1847_0029_0038_0047_0047.jpg 1 29 38 47 47
1848_0030_0007_0056_0056.jpg 1 30 7 56 56
1849_0008_0023_0067_0067.jpg 1 8 23 67 67
1850_0030_0041_0042_0042.jpg 1 30 41 42 42
1851_0042_0042_0037_0037.jpg 1 42 42 37 37
1852_0034_0006_0061_0061.jpg 1 34 6 61 61
1853_0010_0017_0051_0051.jpg 1 10 17 51 51
1854_0026_0010_0068_0068.jpg 1 26 10 68 68
1855_0031_0016_0056_0056.jpg 1 31 16 56 56
1856_0042_0027_0052_0052.jpg 1 42 27 52 52
1857_0011_0034_0045_0045.jpg 1 11 34 45 45
1858_0049_0021_0038_0038.jpg 1 49 21 38 38
1859_0017_0015_0047_0047.jpg 1 17 15 47 47
1860_0010_0006_0064_0064.jpg 1 10 6 64 64
1861_0046_0017_0044_0044.jpg 1 46 17 44 44
1862_0020_0023_0053_0053.jpg 1 20 23 53 53
1863_0021_0032_0037_0037.jpg 1 21 32 37 37
1864_0049_0034_0035_0035.jpg 1 49 34 35 35
1865_0016_0024_0068_0068.jpg 1 16 24 68 68
1866_0040_0041_0048_0048.jpg 1 40 41 48 48
1867_0006_0030_0054_0054.jpg 1 6 30 54 54
1868_0023_0032_0042_0042.jpg 1 23 32 42 42
1869_0036_0043_0049_0049.jpg 1 36 43 49 49
1870_0012_0009_0068_0068.jpg 1 12 9 68 68
1871_0020_0028_0028_0028.jpg 1 20 28 28 28
1872_0012_0009_0062_0062.jpg 1 12 9 62 62
1873_0053_0010_0041_0041.jpg 1 53 10 41 41
1874_0008_0023_0069_0069.jpg 1 8 23 69 69
1875_0045_0044_0048_0048.jpg 1 45 44 48 48
1876_0026_0042_0046_0046.jpg 1 26 42 46 46
1877_0045_0054_0031_0031.jpg 1 45 54 31 31
1878_0015_0015_0067_0067.jpg 1 15 15 67 67
1879_0064_0067_0025_0025.jpg 1 64 67 25 25
1880_0020_0025_0066_0066.jpg 1 20 25 66 66
1881_0010_0029_0040_0040.jpg 1 10 29 40 40
1882_0058_0054_0027_0027.jpg 1 58 54 27 27
1883_0010_0033_0058_0058.jpg 1 10 33 58 58
1884_0012_0013_0064_0064.jpg 1 12 13 64 64
1885_0024_0011_0059_0059.jpg 1 24 11 59 59
1886_0016_0060_0024_0024.jpg 1 16 60 24 24
1887_0023_0015_0066_0066.jpg 1 23 15 66 66
1888_0022_0039_0037_0037.jpg 1 22 39 37 37
1889_0025_0042_0048_0048.jpg 1 25 42 48 48
